                      sourcefile                        sourceline                class                 count
------------------------------------------------------  ----------  ----------------------------------  -----
<GEM:ethon-0.6.1>/lib/ethon/curls/options.rb                    79  String                               3090
<GEM:ethon-0.6.1>/lib/ethon/curls/options.rb                    10  String                               3090
<GEM:ethon-0.6.1>/lib/ethon/curls/options.rb                    11  String                               3090
<GEM:ethon-0.6.1>/lib/ethon/multi/operations.rb                171  FFI::Pointer                         3000
<GEM:ffi-1.9.3>/lib/ffi/pointer.rb                              52  String                               2800
<GEM:ethon-0.6.1>/lib/ethon/curls/infos.rb                     138  Float                                1200
<GEM:ethon-0.6.1>/lib/ethon/multi/operations.rb                144  FFI::Pointer                          612
<GEM:ethon-0.6.1>/lib/ethon/multi/operations.rb                141  Ethon::Curl::Msg                      518
<GEM:ethon-0.6.1>/lib/ethon/multi/operations.rb                141  Array                                 518
<GEM:ffi-1.9.3>/lib/ffi/pointer.rb                              54  String                                400
<GEM:ethon-0.6.1>/lib/ethon/easy/http.rb                        56  String                                400
<GEM:ethon-0.6.1>/lib/ethon/curls/infos.rb                     108  FFI::Pointer                          400
typhoeus_test.rb                                                14  String                                400
<GEM:ethon-0.6.1>/lib/ethon/easy.rb                            234  String                                400
<GEM:ethon-0.6.1>/lib/ethon/easy/mirror.rb                       9  Array                                 400
<GEM:typhoeus-0.6.6>/lib/typhoeus/request/callbacks.rb          95  Array                                 400
<GEM:ethon-0.6.1>/lib/ethon/multi/operations.rb                139  FFI::MemoryPointer                    318
<GEM:ethon-0.6.1>/lib/ethon/multi/operations.rb                159  FFI::MemoryPointer                    318
<GEM:ffi-1.9.3>/lib/ffi/autopointer.rb                          83  FFI::AutoPointer::CallableReleaser    230
<GEM:ffi-1.9.3>/lib/ffi/autopointer.rb                          90  Array                                 230
<GEM:ethon-0.6.1>/lib/ethon/easy/callbacks.rb                   26  String                                210
<GEM:ethon-0.6.1>/lib/ethon/easy/debug_info.rb                  22  Array                                 210
<GEM:ethon-0.6.1>/lib/ethon/easy/callbacks.rb                   27  Ethon::Easy::DebugInfo                210
<GEM:ethon-0.6.1>/lib/ethon/easy/callbacks.rb                   25  String                                210
<GEM:typhoeus-0.6.6>/lib/typhoeus/request/callbacks.rb          41  Array                                 201
<GEM:typhoeus-0.6.6>/lib/typhoeus/request/callbacks.rb          73  Array                                 201
<GEM:typhoeus-0.6.6>/lib/typhoeus/easy_factory.rb               88  Proc                                  200
<GEM:ffi-1.9.3>/lib/ffi/struct.rb                               75  Array                                 200
<GEM:ffi-1.9.3>/lib/ffi/struct.rb                               75  Ethon::Curl::MsgData                  200
<GEM:ffi-1.9.3>/lib/ffi/struct.rb                               75  FFI::Pointer                          200
<GEM:typhoeus-0.6.6>/lib/typhoeus/request/callbacks.rb          90  Array                                 200
<GEM:ethon-0.6.1>/lib/ethon/multi/operations.rb                141  FFI::Pointer                          200
<GEM:ethon-0.6.1>/lib/ethon/multi/operations.rb                146  Proc                                  200
<GEM:typhoeus-0.6.6>/lib/typhoeus/request.rb                   193  Hash                                  200
<GEM:typhoeus-0.6.6>/lib/typhoeus/request.rb                   113  Hash                                  200
<GEM:typhoeus-0.6.6>/lib/typhoeus/request.rb                   110  Hash                                  200
typhoeus_test.rb                                                14  Typhoeus::Request                     200
<GEM:typhoeus-0.6.6>/lib/typhoeus/request/callbacks.rb          98  Array                                 200
<GEM:typhoeus-0.6.6>/lib/typhoeus/hydra/addable.rb              19  Typhoeus::EasyFactory                 200
<GEM:ethon-0.6.1>/lib/ethon/easy/response_callbacks.rb          32  Array                                 200
<GEM:ethon-0.6.1>/lib/ethon/easy/http/actionable.rb             52  Ethon::Easy::Params                   200
<GEM:typhoeus-0.6.6>/lib/typhoeus/easy_factory.rb               88  RubyVM::Env                           200
<GEM:ethon-0.6.1>/lib/ethon/easy/header.rb                      31  FFI::AutoPointer                      200
<GEM:ethon-0.6.1>/lib/ethon/easy/http/actionable.rb             22  Hash                                  200
<GEM:ethon-0.6.1>/lib/ethon/easy/mirror.rb                      17  Hash                                  200
<GEM:ethon-0.6.1>/lib/ethon/easy/mirror.rb                       8  Array                                 200
<GEM:ethon-0.6.1>/lib/ethon/easy/header.rb                      27  FFI::Pointer                          200
<GEM:ethon-0.6.1>/lib/ethon/easy/util.rb                        20  String                                200
<GEM:ethon-0.6.1>/lib/ethon/easy/header.rb                      56  String                                200
<GEM:ethon-0.6.1>/lib/ethon/easy/mirror.rb                      21  Ethon::Easy::Mirror                   200
<GEM:ethon-0.6.1>/lib/ethon/easy/form.rb                        26  Hash                                  200
<GEM:ethon-0.6.1>/lib/ethon/easy/http/actionable.rb             62  Ethon::Easy::Form                     200
<GEM:ethon-0.6.1>/lib/ethon/easy/params.rb                      24  Hash                                  200
<GEM:typhoeus-0.6.6>/lib/typhoeus/easy_factory.rb               67  Hash                                  200
<GEM:typhoeus-0.6.6>/lib/typhoeus/easy_factory.rb               69  Array                                 200
<GEM:typhoeus-0.6.6>/lib/typhoeus/easy_factory.rb               99  Hash                                  200
<GEM:typhoeus-0.6.6>/lib/typhoeus/easy_factory.rb               89  Typhoeus::Response                    200
<GEM:ethon-0.6.1>/lib/ethon/easy/http.rb                        59  Ethon::Easy::Http::Get                200
<GEM:ethon-0.6.1>/lib/ethon/easy/header.rb                      31  Method                                200
<GEM:ethon-0.6.1>/lib/ethon/multi/operations.rb                146  RubyVM::Env                           188
<GEM:typhoeus-0.6.6>/lib/typhoeus/hydra/runnable.rb             17  Array                                  40
<GEM:ethon-0.6.1>/lib/ethon/curls/options.rb                    79  FFI::Function                          30
<GEM:ethon-0.6.1>/lib/ethon/multi/operations.rb                 29  Array                                  20
<GEM:ethon-0.6.1>/lib/ethon/multi/operations.rb                 26  FFI::MemoryPointer                     20
typhoeus_test.rb                                                12  Typhoeus::Hydra                        20
<GEM:typhoeus-0.6.6>/lib/typhoeus/hydra.rb                      92  Ethon::Multi                           20
<GEM:ethon-0.6.1>/lib/ethon/multi/operations.rb                 27  Ethon::Curl::Timeval                   20
<GEM:ethon-0.6.1>/lib/ethon/multi/operations.rb                 27  Array                                  20
<GEM:ethon-0.6.1>/lib/ethon/multi/operations.rb                 27  FFI::MemoryPointer                     20
<GEM:ethon-0.6.1>/lib/ethon/multi/operations.rb                 28  Ethon::Curl::FDSet                     20
<GEM:ethon-0.6.1>/lib/ethon/multi/operations.rb                 28  Array                                  20
<GEM:ethon-0.6.1>/lib/ethon/multi/operations.rb                 28  FFI::MemoryPointer                     20
<GEM:ethon-0.6.1>/lib/ethon/multi/operations.rb                 29  Ethon::Curl::FDSet                     20
<GEM:typhoeus-0.6.6>/lib/typhoeus/hydra.rb                      92  Hash                                   20
<GEM:ethon-0.6.1>/lib/ethon/multi/operations.rb                 29  FFI::MemoryPointer                     20
<GEM:ethon-0.6.1>/lib/ethon/multi/operations.rb                 30  Ethon::Curl::FDSet                     20
<GEM:ethon-0.6.1>/lib/ethon/multi/operations.rb                 30  Array                                  20
<GEM:ethon-0.6.1>/lib/ethon/multi/operations.rb                 30  FFI::MemoryPointer                     20
<GEM:ethon-0.6.1>/lib/ethon/multi/operations.rb                 31  FFI::MemoryPointer                     20
<GEM:ethon-0.6.1>/lib/ethon/multi/stack.rb                      14  Array                                  20
<GEM:ethon-0.6.1>/lib/ethon/multi/operations.rb                 16  FFI::Pointer                           20
<GEM:ethon-0.6.1>/lib/ethon/multi/operations.rb                 16  Method                                 20
<GEM:typhoeus-0.6.6>/lib/typhoeus/hydra/queueable.rb            17  Array                                  20
<GEM:ethon-0.6.1>/lib/ethon/multi/operations.rb                 16  FFI::AutoPointer                       20
<GEM:typhoeus-0.6.6>/lib/typhoeus/hydra.rb                      89  Hash                                   20
<GEM:typhoeus-0.6.6>/lib/typhoeus/hydra/memoizable.rb           21  Hash                                   20
<GEM:ethon-0.6.1>/lib/ethon/easy/callbacks.rb                   64  RubyVM::Env                            10
<GEM:ethon-0.6.1>/lib/ethon/easy/callbacks.rb                   64  Proc                                   10
<GEM:typhoeus-0.6.6>/lib/typhoeus/pool.rb                       32  Ethon::Easy                            10
<GEM:ethon-0.6.1>/lib/ethon/easy.rb                            216  Hash                                   10
<GEM:ethon-0.6.1>/lib/ethon/easy/callbacks.rb                   37  RubyVM::Env                            10
<GEM:ethon-0.6.1>/lib/ethon/easy/callbacks.rb                   37  Proc                                   10
<GEM:ethon-0.6.1>/lib/ethon/easy/operations.rb                  13  FFI::Pointer                           10
<GEM:ethon-0.6.1>/lib/ethon/easy/operations.rb                  13  Method                                 10
<GEM:ethon-0.6.1>/lib/ethon/easy/operations.rb                  13  FFI::AutoPointer                       10
<GEM:ethon-0.6.1>/lib/ethon/easy/callbacks.rb                   50  Proc                                   10
<GEM:ethon-0.6.1>/lib/ethon/easy/callbacks.rb                   50  RubyVM::Env                            10
<GEM:typhoeus-0.6.6>/lib/typhoeus/expectation.rb                61  Array                                   1
<GEM:ethon-0.6.1>/lib/ethon/curls/options.rb                    79  Thread                                  1
<GEM:ethon-0.6.1>/lib/ethon/curls/options.rb                    79  Hash                                    1
<GEM:typhoeus-0.6.6>/lib/typhoeus/pool.rb                       55  Array                                   1
<GEM:ethon-0.6.1>/lib/ethon/loggable.rb                         42  Logger                                  1
<RUBYLIBDIR>/logger.rb                                         314  Logger::Formatter                       1
<RUBYLIBDIR>/logger.rb                                         318  Hash                                    1
<RUBYLIBDIR>/logger.rb                                         318  Logger::LogDevice                       1
<RUBYLIBDIR>/logger.rb                                         545  Logger::LogDevice::LogDeviceMutex       1
<RUBYLIBDIR>/logger.rb                                         545  Array                                   1
<RUBYLIBDIR>/monitor.rb                                        241  Mutex                                   1
<GEM:ethon-0.6.1>/lib/ethon/curl.rb                             62  String                                  1
<GEM:ethon-0.6.1>/lib/ethon/curls/infos.rb                     149  FFI::MemoryPointer                      1
<GEM:ethon-0.6.1>/lib/ethon/curls/infos.rb                     169  FFI::MemoryPointer                      1
<GEM:ethon-0.6.1>/lib/ethon/curls/infos.rb                     159  FFI::MemoryPointer                      1
<GEM:typhoeus-0.6.6>/lib/typhoeus.rb                            98  Array                                   1