Data for 1001 requests at 2014-02-19 14:07:58 +0530. Garbage collection was true 
.                                           sourcefile                                             sourceline                class                 memsize  count
-----------------------------------------------------------------------------------------------  ----------  ----------------------------------  -------  -----
/home/admininstrator/.rvm/gems/ruby-2.1.0/gems/ethon-0.6.1/lib/ethon/curls/options.rb                    11  String                                    0  16815
/home/admininstrator/.rvm/gems/ruby-2.1.0/gems/ethon-0.6.1/lib/ethon/curls/options.rb                    10  String                                    0  16815
/home/admininstrator/.rvm/gems/ruby-2.1.0/gems/ethon-0.6.1/lib/ethon/curls/options.rb                    79  String                                    0  15614
/home/admininstrator/.rvm/gems/ruby-2.1.0/gems/ethon-0.6.1/lib/ethon/multi/operations.rb                171  FFI::Pointer                              0  12012
/home/admininstrator/.rvm/gems/ruby-2.1.0/gems/ethon-0.6.1/lib/ethon/multi/operations.rb                144  FFI::Pointer                              0   4549
/home/admininstrator/.rvm/gems/ruby-2.1.0/gems/ffi-1.9.3/lib/ffi/pointer.rb                              52  String                                    0   4004
/home/admininstrator/.rvm/gems/ruby-2.1.0/gems/ethon-0.6.1/lib/ethon/easy.rb                            234  String                                    0   2002
/home/admininstrator/.rvm/gems/ruby-2.1.0/gems/typhoeus-0.6.6/lib/typhoeus/request/callbacks.rb          93  Array                                     0   2002
/home/admininstrator/.rvm/gems/ruby-2.1.0/gems/ffi-1.9.3/lib/ffi/pointer.rb                              54  String                                    0   2002
/home/admininstrator/.rvm/gems/ruby-2.1.0/gems/ethon-0.6.1/lib/ethon/curls/infos.rb                     108  FFI::Pointer                              0   2002
/home/admininstrator/.rvm/gems/ruby-2.1.0/gems/ethon-0.6.1/lib/ethon/easy/http.rb                        56  String                                    0   2002
/home/admininstrator/.rvm/gems/ruby-2.1.0/gems/ethon-0.6.1/lib/ethon/multi/operations.rb                141  Ethon::Curl::Msg                          0   1379
/home/admininstrator/.rvm/gems/ruby-2.1.0/gems/ethon-0.6.1/lib/ethon/multi/operations.rb                141  Array                                     0   1379
/home/admininstrator/.rvm/gems/ruby-2.1.0/gems/ffi-1.9.3/lib/ffi/autopointer.rb                          90  Array                                     0   1202
/home/admininstrator/.rvm/gems/ruby-2.1.0/gems/ffi-1.9.3/lib/ffi/autopointer.rb                          83  FFI::AutoPointer::CallableReleaser        0   1202
/home/admininstrator/.rvm/gems/ruby-2.1.0/gems/ethon-0.6.1/lib/ethon/easy/callbacks.rb                   27  Ethon::Easy::DebugInfo                    0   1201
/home/admininstrator/.rvm/gems/ruby-2.1.0/gems/ethon-0.6.1/lib/ethon/curls/options.rb                    79  String                                   49   1201
/home/admininstrator/.rvm/gems/ruby-2.1.0/gems/ethon-0.6.1/lib/ethon/easy/debug_info.rb                  22  Array                                     0   1201
/home/admininstrator/.rvm/gems/ruby-2.1.0/gems/typhoeus-0.6.6/lib/typhoeus/request/callbacks.rb          57  Array                                     0   1002
/home/admininstrator/.rvm/gems/ruby-2.1.0/gems/typhoeus-0.6.6/lib/typhoeus/request/callbacks.rb          41  Array                                     0   1002
/home/admininstrator/.rvm/gems/ruby-2.1.0/gems/ethon-0.6.1/lib/ethon/easy/header.rb                      56  String                                   99   1001
/home/admininstrator/.rvm/gems/ruby-2.1.0/gems/ffi-1.9.3/lib/ffi/struct.rb                               75  Ethon::Curl::MsgData                      0   1001
/home/admininstrator/.rvm/gems/ruby-2.1.0/gems/ffi-1.9.3/lib/ffi/struct.rb                               75  FFI::Pointer                              0   1001
/home/admininstrator/.rvm/gems/ruby-2.1.0/gems/ethon-0.6.1/lib/ethon/multi/operations.rb                146  Proc                                     72   1001
/home/admininstrator/.rvm/gems/ruby-2.1.0/gems/ethon-0.6.1/lib/ethon/easy/mirror.rb                      17  Hash                                    856   1001
/home/admininstrator/.rvm/gems/ruby-2.1.0/gems/ethon-0.6.1/lib/ethon/easy/mirror.rb                       8  Array                                    88   1001
/home/admininstrator/.rvm/gems/ruby-2.1.0/gems/ethon-0.6.1/lib/ethon/easy/mirror.rb                       9  Array                                    32   1001
/home/admininstrator/.rvm/gems/ruby-2.1.0/gems/ethon-0.6.1/lib/ethon/easy/mirror.rb                       9  Array                                   120   1001
/home/admininstrator/.rvm/gems/ruby-2.1.0/gems/typhoeus-0.6.6/lib/typhoeus/easy_factory.rb               67  Hash                                    192   1001
/home/admininstrator/.rvm/gems/ruby-2.1.0/gems/typhoeus-0.6.6/lib/typhoeus/easy_factory.rb               69  Array                                     0   1001
/home/admininstrator/.rvm/gems/ruby-2.1.0/gems/typhoeus-0.6.6/lib/typhoeus/hydra/addable.rb              19  Typhoeus::EasyFactory                     0   1001
/home/admininstrator/.rvm/gems/ruby-2.1.0/gems/typhoeus-0.6.6/lib/typhoeus/easy_factory.rb               99  Hash                                    808   1001
/home/admininstrator/.rvm/gems/ruby-2.1.0/gems/typhoeus-0.6.6/lib/typhoeus/easy_factory.rb               88  Proc                                     72   1001
/home/admininstrator/.rvm/gems/ruby-2.1.0/gems/typhoeus-0.6.6/lib/typhoeus/easy_factory.rb               88  RubyVM::Env                              88   1001
/home/admininstrator/.rvm/gems/ruby-2.1.0/gems/ethon-0.6.1/lib/ethon/easy/header.rb                      31  FFI::AutoPointer                        192   1001
/home/admininstrator/.rvm/gems/ruby-2.1.0/gems/ethon-0.6.1/lib/ethon/easy/header.rb                      31  Method                                   48   1001
/home/admininstrator/.rvm/gems/ruby-2.1.0/gems/ethon-0.6.1/lib/ethon/easy/header.rb                      27  FFI::Pointer                              0   1001
/home/admininstrator/.rvm/gems/ruby-2.1.0/gems/ethon-0.6.1/lib/ethon/easy/util.rb                        20  String                                    0   1001
/home/admininstrator/.rvm/gems/ruby-2.1.0/gems/ffi-1.9.3/lib/ffi/struct.rb                               75  Array                                     0   1001
/home/admininstrator/.rvm/gems/ruby-2.1.0/gems/ethon-0.6.1/lib/ethon/easy/http.rb                        59  Ethon::Easy::Http::Get                   40   1001
/home/admininstrator/.rvm/gems/ruby-2.1.0/gems/ethon-0.6.1/lib/ethon/easy/form.rb                        26  Hash                                      0   1001
/home/admininstrator/.rvm/gems/ruby-2.1.0/gems/ethon-0.6.1/lib/ethon/easy/http/actionable.rb             62  Ethon::Easy::Form                         0   1001
/home/admininstrator/.rvm/gems/ruby-2.1.0/gems/typhoeus-0.6.6/lib/typhoeus/request.rb                   110  Hash                                      0   1001
/home/admininstrator/.rvm/gems/ruby-2.1.0/gems/ethon-0.6.1/lib/ethon/easy/mirror.rb                      21  Ethon::Easy::Mirror                       0   1001
typhoeus_test.rb                                                                                         15  String                                    0   1001
/home/admininstrator/.rvm/gems/ruby-2.1.0/gems/typhoeus-0.6.6/lib/typhoeus/request.rb                   193  Hash                                    192   1001
/home/admininstrator/.rvm/gems/ruby-2.1.0/gems/typhoeus-0.6.6/lib/typhoeus/request.rb                   113  Hash                                    192   1001
/home/admininstrator/.rvm/gems/ruby-2.1.0/gems/typhoeus-0.6.6/lib/typhoeus/easy_factory.rb               89  Typhoeus::Response                        0   1001
/home/admininstrator/.rvm/gems/ruby-2.1.0/gems/ethon-0.6.1/lib/ethon/easy/callbacks.rb                   26  String                                  399   1001
/home/admininstrator/.rvm/gems/ruby-2.1.0/gems/typhoeus-0.6.6/lib/typhoeus/request/callbacks.rb          90  Array                                     0   1001
/home/admininstrator/.rvm/gems/ruby-2.1.0/gems/ethon-0.6.1/lib/ethon/multi/operations.rb                141  FFI::Pointer                              0   1001
/home/admininstrator/.rvm/gems/ruby-2.1.0/gems/ethon-0.6.1/lib/ethon/easy/http/actionable.rb             22  Hash                                    192   1001
/home/admininstrator/.rvm/gems/ruby-2.1.0/gems/typhoeus-0.6.6/lib/typhoeus/request/callbacks.rb          98  Array                                     0   1001
/home/admininstrator/.rvm/gems/ruby-2.1.0/gems/ffi-1.9.3/lib/ffi/pointer.rb                              52  String                                   35   1001
/home/admininstrator/.rvm/gems/ruby-2.1.0/gems/ffi-1.9.3/lib/ffi/pointer.rb                              52  String                                   47   1001
/home/admininstrator/.rvm/gems/ruby-2.1.0/gems/ffi-1.9.3/lib/ffi/pointer.rb                              52  String                                   41   1001
/home/admininstrator/.rvm/gems/ruby-2.1.0/gems/ffi-1.9.3/lib/ffi/pointer.rb                              52  String                                   25   1001
/home/admininstrator/.rvm/gems/ruby-2.1.0/gems/ffi-1.9.3/lib/ffi/pointer.rb                              52  String                                 6577   1001
/home/admininstrator/.rvm/gems/ruby-2.1.0/gems/ethon-0.6.1/lib/ethon/easy/http/actionable.rb             52  Ethon::Easy::Params                       0   1001
/home/admininstrator/.rvm/gems/ruby-2.1.0/gems/ffi-1.9.3/lib/ffi/pointer.rb                              52  String                                   29   1001
/home/admininstrator/.rvm/gems/ruby-2.1.0/gems/ffi-1.9.3/lib/ffi/pointer.rb                              52  String                                   38   1001
/home/admininstrator/.rvm/gems/ruby-2.1.0/gems/ethon-0.6.1/lib/ethon/easy/params.rb                      24  Hash                                      0   1001
/home/admininstrator/.rvm/gems/ruby-2.1.0/gems/ethon-0.6.1/lib/ethon/easy/callbacks.rb                   25  String                                12799   1001
/home/admininstrator/.rvm/gems/ruby-2.1.0/gems/ethon-0.6.1/lib/ethon/easy/response_callbacks.rb          32  Array                                     0   1001
typhoeus_test.rb                                                                                         15  Typhoeus::Request                        56   1000
/home/admininstrator/.rvm/gems/ruby-2.1.0/gems/ethon-0.6.1/lib/ethon/curls/options.rb                    79  FFI::Function                             0    600
/home/admininstrator/.rvm/gems/ruby-2.1.0/gems/ethon-0.6.1/lib/ethon/multi/operations.rb                139  FFI::MemoryPointer                        0    378
/home/admininstrator/.rvm/gems/ruby-2.1.0/gems/ethon-0.6.1/lib/ethon/multi/operations.rb                159  FFI::MemoryPointer                        0    378
/home/admininstrator/.rvm/gems/ruby-2.1.0/gems/ethon-0.6.1/lib/ethon/easy/operations.rb                  13  FFI::AutoPointer                        192    200
/home/admininstrator/.rvm/gems/ruby-2.1.0/gems/ethon-0.6.1/lib/ethon/easy/callbacks.rb                   64  Proc                                    264    200
/home/admininstrator/.rvm/gems/ruby-2.1.0/gems/ethon-0.6.1/lib/ethon/easy/callbacks.rb                   64  RubyVM::Env                              88    200
/home/admininstrator/.rvm/gems/ruby-2.1.0/gems/ethon-0.6.1/lib/ethon/easy/callbacks.rb                   50  Proc                                    264    200
/home/admininstrator/.rvm/gems/ruby-2.1.0/gems/ethon-0.6.1/lib/ethon/easy/callbacks.rb                   50  RubyVM::Env                              88    200
/home/admininstrator/.rvm/gems/ruby-2.1.0/gems/ethon-0.6.1/lib/ethon/easy/callbacks.rb                   26  String                                    0    200
/home/admininstrator/.rvm/gems/ruby-2.1.0/gems/ethon-0.6.1/lib/ethon/easy/operations.rb                  13  Method                                   48    200
/home/admininstrator/.rvm/gems/ruby-2.1.0/gems/ethon-0.6.1/lib/ethon/easy/callbacks.rb                   25  String                                    0    200
/home/admininstrator/.rvm/gems/ruby-2.1.0/gems/ethon-0.6.1/lib/ethon/easy/callbacks.rb                   37  Proc                                    264    200
/home/admininstrator/.rvm/gems/ruby-2.1.0/gems/ethon-0.6.1/lib/ethon/easy/callbacks.rb                   37  RubyVM::Env                              88    200
/home/admininstrator/.rvm/gems/ruby-2.1.0/gems/ethon-0.6.1/lib/ethon/easy.rb                            216  Hash                                      0    200
/home/admininstrator/.rvm/gems/ruby-2.1.0/gems/ethon-0.6.1/lib/ethon/easy/operations.rb                  13  FFI::Pointer                              0    200
/home/admininstrator/.rvm/gems/ruby-2.1.0/gems/typhoeus-0.6.6/lib/typhoeus/pool.rb                       32  Ethon::Easy                             112    199
/home/admininstrator/.rvm/gems/ruby-2.1.0/gems/ethon-0.6.1/lib/ethon/multi/operations.rb                146  RubyVM::Env                             112     44
/home/admininstrator/.rvm/gems/ruby-2.1.0/gems/ethon-0.6.1/lib/ethon/multi/operations.rb                 30  Array                                     0      1
/home/admininstrator/.rvm/gems/ruby-2.1.0/gems/ethon-0.6.1/lib/ethon/multi/operations.rb                 16  FFI::AutoPointer                        192      1
/home/admininstrator/.rvm/gems/ruby-2.1.0/gems/ethon-0.6.1/lib/ethon/multi/operations.rb                 16  Method                                   48      1
/home/admininstrator/.rvm/gems/ruby-2.1.0/gems/ethon-0.6.1/lib/ethon/multi/operations.rb                 16  FFI::Pointer                              0      1
/home/admininstrator/.rvm/gems/ruby-2.1.0/gems/ethon-0.6.1/lib/ethon/multi/stack.rb                      14  Array                                   128      1
/home/admininstrator/.rvm/gems/ruby-2.1.0/gems/ethon-0.6.1/lib/ethon/multi/operations.rb                 28  Array                                     0      1
/home/admininstrator/.rvm/gems/ruby-2.1.0/gems/ethon-0.6.1/lib/ethon/multi/operations.rb                 28  Ethon::Curl::FDSet                        0      1
/home/admininstrator/.rvm/gems/ruby-2.1.0/gems/ethon-0.6.1/lib/ethon/multi/operations.rb                 28  FFI::MemoryPointer                        0      1
/home/admininstrator/.rvm/gems/ruby-2.1.0/gems/typhoeus-0.6.6/lib/typhoeus/hydra/runnable.rb             17  Array                                  1600      1
/home/admininstrator/.rvm/gems/ruby-2.1.0/gems/ethon-0.6.1/lib/ethon/multi/operations.rb                 29  Ethon::Curl::FDSet                        0      1
/home/admininstrator/.rvm/gems/ruby-2.1.0/gems/ethon-0.6.1/lib/ethon/multi/operations.rb                 29  Array                                     0      1
/home/admininstrator/.rvm/gems/ruby-2.1.0/gems/ethon-0.6.1/lib/ethon/multi/operations.rb                 29  FFI::MemoryPointer                        0      1
/home/admininstrator/.rvm/gems/ruby-2.1.0/gems/ethon-0.6.1/lib/ethon/multi/operations.rb                 30  Ethon::Curl::FDSet                        0      1
/home/admininstrator/.rvm/gems/ruby-2.1.0/gems/typhoeus-0.6.6/lib/typhoeus/hydra/runnable.rb             17  Array                                     0      1
/home/admininstrator/.rvm/gems/ruby-2.1.0/gems/ethon-0.6.1/lib/ethon/multi/operations.rb                 30  FFI::MemoryPointer                        0      1
/home/admininstrator/.rvm/gems/ruby-2.1.0/gems/ethon-0.6.1/lib/ethon/multi/operations.rb                 31  FFI::MemoryPointer                        0      1
/home/admininstrator/.rvm/gems/ruby-2.1.0/gems/typhoeus-0.6.6/lib/typhoeus/hydra/queueable.rb            17  Array                                     0      1
typhoeus_test.rb                                                                                         12  Typhoeus::Hydra                          40      1
/home/admininstrator/.rvm/gems/ruby-2.1.0/gems/typhoeus-0.6.6/lib/typhoeus/hydra.rb                      89  Hash                                      0      1
/home/admininstrator/.rvm/gems/ruby-2.1.0/gems/typhoeus-0.6.6/lib/typhoeus/hydra.rb                      92  Hash                                      0      1
/home/admininstrator/.rvm/gems/ruby-2.1.0/gems/typhoeus-0.6.6/lib/typhoeus/hydra.rb                      92  Ethon::Multi                             80      1
/home/admininstrator/.rvm/gems/ruby-2.1.0/gems/ethon-0.6.1/lib/ethon/loggable.rb                         42  Logger                                   40      1
/home/admininstrator/.rvm/rubies/ruby-2.1.0/lib/ruby/2.1.0/logger.rb                                    314  Logger::Formatter                         0      1
/home/admininstrator/.rvm/rubies/ruby-2.1.0/lib/ruby/2.1.0/logger.rb                                    318  Hash                                    192      1
/home/admininstrator/.rvm/gems/ruby-2.1.0/gems/typhoeus-0.6.6/lib/typhoeus.rb                            98  Array                                     0      1
/home/admininstrator/.rvm/gems/ruby-2.1.0/gems/typhoeus-0.6.6/lib/typhoeus/expectation.rb                61  Array                                     0      1
/home/admininstrator/.rvm/gems/ruby-2.1.0/gems/typhoeus-0.6.6/lib/typhoeus/pool.rb                       55  Array                                  2320      1
/home/admininstrator/.rvm/gems/ruby-2.1.0/gems/typhoeus-0.6.6/lib/typhoeus/pool.rb                       32  Ethon::Easy                             136      1
/home/admininstrator/.rvm/gems/ruby-2.1.0/gems/ethon-0.6.1/lib/ethon/curls/options.rb                    79  Thread                              1049768      1
/home/admininstrator/.rvm/gems/ruby-2.1.0/gems/ethon-0.6.1/lib/ethon/curls/options.rb                    79  Hash                                      0      1
typhoeus_test.rb                                                                                         15  Typhoeus::Request                        64      1
/home/admininstrator/.rvm/rubies/ruby-2.1.0/lib/ruby/2.1.0/logger.rb                                    318  Logger::LogDevice                        40      1
/home/admininstrator/.rvm/rubies/ruby-2.1.0/lib/ruby/2.1.0/logger.rb                                    545  Logger::LogDevice::LogDeviceMutex         0      1
/home/admininstrator/.rvm/rubies/ruby-2.1.0/lib/ruby/2.1.0/logger.rb                                    545  Array                                     0      1
/home/admininstrator/.rvm/rubies/ruby-2.1.0/lib/ruby/2.1.0/monitor.rb                                   241  Mutex                                   120      1
/home/admininstrator/.rvm/gems/ruby-2.1.0/gems/ethon-0.6.1/lib/ethon/curl.rb                             62  String                                    0      1
/home/admininstrator/.rvm/gems/ruby-2.1.0/gems/ethon-0.6.1/lib/ethon/multi/operations.rb                 26  FFI::MemoryPointer                        0      1
/home/admininstrator/.rvm/gems/ruby-2.1.0/gems/ethon-0.6.1/lib/ethon/curls/infos.rb                     149  FFI::MemoryPointer                        0      1
/home/admininstrator/.rvm/gems/ruby-2.1.0/gems/ethon-0.6.1/lib/ethon/curls/infos.rb                     169  FFI::MemoryPointer                        0      1
/home/admininstrator/.rvm/gems/ruby-2.1.0/gems/ethon-0.6.1/lib/ethon/curls/infos.rb                     159  FFI::MemoryPointer                        0      1
/home/admininstrator/.rvm/gems/ruby-2.1.0/gems/ethon-0.6.1/lib/ethon/multi/operations.rb                 27  Ethon::Curl::Timeval                      0      1
/home/admininstrator/.rvm/gems/ruby-2.1.0/gems/ethon-0.6.1/lib/ethon/multi/operations.rb                 27  Array                                     0      1
/home/admininstrator/.rvm/gems/ruby-2.1.0/gems/ethon-0.6.1/lib/ethon/multi/operations.rb                 27  FFI::MemoryPointer                        0      1
/home/admininstrator/.rvm/gems/ruby-2.1.0/gems/typhoeus-0.6.6/lib/typhoeus/hydra/memoizable.rb           21  Hash                                      0      1