# Logfile created on 2014-01-09 07:17:53 +0000 by logger.rb/44203
I, [2014-01-09T07:17:53.112395 #14599]  INFO -- : 0:  ffi (1.9.3) from /home/ubuntu/.rvm/gems/ruby-2.1.0/specifications/ffi-1.9.3.gemspec
I, [2014-01-09T07:17:53.113772 #14599]  INFO -- : 0:  mime-types (1.25.1) from /home/ubuntu/.rvm/gems/ruby-2.1.0/specifications/mime-types-1.25.1.gemspec
I, [2014-01-09T07:17:54.021335 #14599]  INFO -- : 0:  ethon (0.6.1) from /home/ubuntu/.rvm/gems/ruby-2.1.0/specifications/ethon-0.6.1.gemspec
I, [2014-01-09T07:17:54.141602 #14599]  INFO -- : 0:  mini_portile (0.5.2) from /home/ubuntu/.rvm/gems/ruby-2.1.0/specifications/mini_portile-0.5.2.gemspec
I, [2014-01-09T07:39:51.966115 #14599]  INFO -- : 0:  nokogiri (1.6.1) from /home/ubuntu/.rvm/gems/ruby-2.1.0/specifications/nokogiri-1.6.1.gemspec
I, [2014-01-09T07:39:52.711265 #14599]  INFO -- : 0:  typhoeus (0.6.6) from /home/ubuntu/.rvm/gems/ruby-2.1.0/specifications/typhoeus-0.6.6.gemspec
I, [2014-01-09T07:39:52.712504 #14599]  INFO -- : 0:  bundler (1.5.1) from /home/ubuntu/.rvm/gems/ruby-2.1.0@global/specifications/bundler-1.5.1.gemspec
I, [2014-01-09T19:11:49.208912 #32098]  INFO -- : 0:  coderay (1.1.0) from /home/ec2-user/.rvm/gems/ruby-2.1.0/specifications/coderay-1.1.0.gemspec
I, [2014-01-09T19:11:49.725968 #32098]  INFO -- : 0:  columnize (0.3.6) from /home/ec2-user/.rvm/gems/ruby-2.1.0/specifications/columnize-0.3.6.gemspec
I, [2014-01-09T19:11:50.262845 #32098]  INFO -- : 0:  debugger-linecache (1.2.0) from /home/ec2-user/.rvm/gems/ruby-2.1.0/specifications/debugger-linecache-1.2.0.gemspec
I, [2014-01-09T19:11:51.332871 #32098]  INFO -- : 0:  debugger-ruby_core_source (1.3.1) from /home/ec2-user/.rvm/gems/ruby-2.1.0/specifications/debugger-ruby_core_source-1.3.1.gemspec
I, [2014-01-09T19:11:55.170588 #32098]  INFO -- : 0:  debugger (1.6.5) from /home/ec2-user/.rvm/gems/ruby-2.1.0/specifications/debugger-1.6.5.gemspec
I, [2014-01-09T19:12:04.753331 #32098]  INFO -- : 0:  ffi (1.9.3) from /home/ec2-user/.rvm/gems/ruby-2.1.0/specifications/ffi-1.9.3.gemspec
I, [2014-01-09T19:12:04.825615 #32098]  INFO -- : 0:  mime-types (1.25.1) from /home/ec2-user/.rvm/gems/ruby-2.1.0/specifications/mime-types-1.25.1.gemspec
I, [2014-01-09T19:12:04.907087 #32098]  INFO -- : 0:  ethon (0.6.1) from /home/ec2-user/.rvm/gems/ruby-2.1.0/specifications/ethon-0.6.1.gemspec
I, [2014-01-09T19:12:05.160135 #32098]  INFO -- : 0:  method_source (0.8.2) from /home/ec2-user/.rvm/gems/ruby-2.1.0/specifications/method_source-0.8.2.gemspec
I, [2014-01-09T19:12:05.186393 #32098]  INFO -- : 0:  mini_portile (0.5.2) from /home/ec2-user/.rvm/gems/ruby-2.1.0/specifications/mini_portile-0.5.2.gemspec
I, [2014-01-09T19:14:48.431363 #32098]  INFO -- : 0:  nokogiri (1.6.1) from /home/ec2-user/.rvm/gems/ruby-2.1.0/specifications/nokogiri-1.6.1.gemspec
I, [2014-01-09T19:14:48.793245 #32098]  INFO -- : 0:  slop (3.4.7) from /home/ec2-user/.rvm/gems/ruby-2.1.0/specifications/slop-3.4.7.gemspec
I, [2014-01-09T19:14:49.364303 #32098]  INFO -- : 0:  pry (0.9.12.4) from /home/ec2-user/.rvm/gems/ruby-2.1.0/specifications/pry-0.9.12.4.gemspec
I, [2014-01-09T19:14:50.014528 #32098]  INFO -- : 0:  pry-debugger (0.2.2) from /home/ec2-user/.rvm/gems/ruby-2.1.0/specifications/pry-debugger-0.2.2.gemspec
I, [2014-01-09T19:14:50.109146 #32098]  INFO -- : 0:  typhoeus (0.6.6) from /home/ec2-user/.rvm/gems/ruby-2.1.0/specifications/typhoeus-0.6.6.gemspec
I, [2014-01-09T19:14:50.109958 #32098]  INFO -- : 0:  bundler (1.5.1) from /home/ec2-user/.rvm/gems/ruby-2.1.0@global/specifications/bundler-1.5.1.gemspec
I, [2014-01-27T11:35:32.079661 #9306]  INFO -- : 0:  coderay (1.1.0) from /home/ec2-user/.rvm/gems/ruby-2.1.0/specifications/coderay-1.1.0.gemspec
I, [2014-01-27T11:35:32.080474 #9306]  INFO -- : 0:  columnize (0.3.6) from /home/ec2-user/.rvm/gems/ruby-2.1.0/specifications/columnize-0.3.6.gemspec
I, [2014-01-27T11:35:32.081061 #9306]  INFO -- : 0:  debugger-linecache (1.2.0) from /home/ec2-user/.rvm/gems/ruby-2.1.0/specifications/debugger-linecache-1.2.0.gemspec
I, [2014-01-27T11:35:32.081678 #9306]  INFO -- : 0:  debugger-ruby_core_source (1.3.1) from /home/ec2-user/.rvm/gems/ruby-2.1.0/specifications/debugger-ruby_core_source-1.3.1.gemspec
I, [2014-01-27T11:35:32.082242 #9306]  INFO -- : 0:  debugger (1.6.5) from /home/ec2-user/.rvm/gems/ruby-2.1.0/specifications/debugger-1.6.5.gemspec
I, [2014-01-27T11:35:32.082808 #9306]  INFO -- : 0:  ffi (1.9.3) from /home/ec2-user/.rvm/gems/ruby-2.1.0/specifications/ffi-1.9.3.gemspec
I, [2014-01-27T11:35:32.083388 #9306]  INFO -- : 0:  mime-types (1.25.1) from /home/ec2-user/.rvm/gems/ruby-2.1.0/specifications/mime-types-1.25.1.gemspec
I, [2014-01-27T11:35:32.083972 #9306]  INFO -- : 0:  ethon (0.6.1) from /home/ec2-user/.rvm/gems/ruby-2.1.0/specifications/ethon-0.6.1.gemspec
I, [2014-01-27T11:35:32.084549 #9306]  INFO -- : 0:  method_source (0.8.2) from /home/ec2-user/.rvm/gems/ruby-2.1.0/specifications/method_source-0.8.2.gemspec
I, [2014-01-27T11:35:32.085099 #9306]  INFO -- : 0:  mini_portile (0.5.2) from /home/ec2-user/.rvm/gems/ruby-2.1.0/specifications/mini_portile-0.5.2.gemspec
I, [2014-01-27T11:35:32.085701 #9306]  INFO -- : 0:  nokogiri (1.6.1) from /home/ec2-user/.rvm/gems/ruby-2.1.0/specifications/nokogiri-1.6.1.gemspec
I, [2014-01-27T11:35:32.086235 #9306]  INFO -- : 0:  slop (3.4.7) from /home/ec2-user/.rvm/gems/ruby-2.1.0/specifications/slop-3.4.7.gemspec
I, [2014-01-27T11:35:32.086779 #9306]  INFO -- : 0:  pry (0.9.12.4) from /home/ec2-user/.rvm/gems/ruby-2.1.0/specifications/pry-0.9.12.4.gemspec
I, [2014-01-27T11:35:32.087315 #9306]  INFO -- : 0:  pry-debugger (0.2.2) from /home/ec2-user/.rvm/gems/ruby-2.1.0/specifications/pry-debugger-0.2.2.gemspec
I, [2014-01-27T11:35:32.087860 #9306]  INFO -- : 0:  typhoeus (0.6.6) from /home/ec2-user/.rvm/gems/ruby-2.1.0/specifications/typhoeus-0.6.6.gemspec
I, [2014-01-27T11:35:32.088374 #9306]  INFO -- : 0:  bundler (1.5.1) from /home/ec2-user/.rvm/gems/ruby-2.1.0@global/specifications/bundler-1.5.1.gemspec
I, [2014-02-16T00:12:09.865614 #30276]  INFO -- : 0:  allocation_stats (0.1.4) from /home/admininstrator/.rvm/gems/ruby-2.1.0/specifications/allocation_stats-0.1.4.gemspec
I, [2014-02-16T00:12:09.921638 #30276]  INFO -- : 0:  coderay (1.1.0) from /home/admininstrator/.rvm/gems/ruby-2.1.0/specifications/coderay-1.1.0.gemspec
I, [2014-02-16T00:12:09.956384 #30276]  INFO -- : 0:  columnize (0.3.6) from /home/admininstrator/.rvm/gems/ruby-2.1.0/specifications/columnize-0.3.6.gemspec
I, [2014-02-16T00:12:09.990739 #30276]  INFO -- : 0:  debugger-linecache (1.2.0) from /home/admininstrator/.rvm/gems/ruby-2.1.0/specifications/debugger-linecache-1.2.0.gemspec
I, [2014-02-16T00:12:10.229598 #30276]  INFO -- : 0:  debugger-ruby_core_source (1.3.1) from /home/admininstrator/.rvm/gems/ruby-2.1.0/specifications/debugger-ruby_core_source-1.3.1.gemspec
I, [2014-02-16T00:12:12.474914 #30276]  INFO -- : 0:  debugger (1.6.5) from /home/admininstrator/.rvm/gems/ruby-2.1.0/specifications/debugger-1.6.5.gemspec
I, [2014-02-16T00:12:18.033299 #30276]  INFO -- : 0:  ffi (1.9.3) from /home/admininstrator/.rvm/gems/ruby-2.1.0/specifications/ffi-1.9.3.gemspec
I, [2014-02-16T00:12:18.075877 #30276]  INFO -- : 0:  mime-types (1.25.1) from /home/admininstrator/.rvm/gems/ruby-2.1.0/specifications/mime-types-1.25.1.gemspec
I, [2014-02-16T00:12:18.152450 #30276]  INFO -- : 0:  ethon (0.6.1) from /home/admininstrator/.rvm/gems/ruby-2.1.0/specifications/ethon-0.6.1.gemspec
I, [2014-02-16T00:12:18.186745 #30276]  INFO -- : 0:  method_source (0.8.2) from /home/admininstrator/.rvm/gems/ruby-2.1.0/specifications/method_source-0.8.2.gemspec
I, [2014-02-16T00:12:18.220785 #30276]  INFO -- : 0:  mini_portile (0.5.2) from /home/admininstrator/.rvm/gems/ruby-2.1.0/specifications/mini_portile-0.5.2.gemspec
I, [2014-02-16T00:13:39.592975 #30276]  INFO -- : 0:  nokogiri (1.6.1) from /home/admininstrator/.rvm/gems/ruby-2.1.0/specifications/nokogiri-1.6.1.gemspec
I, [2014-02-16T00:13:39.628172 #30276]  INFO -- : 0:  slop (3.4.7) from /home/admininstrator/.rvm/gems/ruby-2.1.0/specifications/slop-3.4.7.gemspec
I, [2014-02-16T00:13:39.713252 #30276]  INFO -- : 0:  pry (0.9.12.4) from /home/admininstrator/.rvm/gems/ruby-2.1.0/specifications/pry-0.9.12.4.gemspec
I, [2014-02-16T00:13:39.747225 #30276]  INFO -- : 0:  pry-debugger (0.2.2) from /home/admininstrator/.rvm/gems/ruby-2.1.0/specifications/pry-debugger-0.2.2.gemspec
I, [2014-02-16T00:13:39.799852 #30276]  INFO -- : 0:  typhoeus (0.6.6) from /home/admininstrator/.rvm/gems/ruby-2.1.0/specifications/typhoeus-0.6.6.gemspec
I, [2014-02-16T00:13:39.800459 #30276]  INFO -- : 0:  bundler (1.5.0) from /home/admininstrator/.rvm/gems/ruby-2.1.0@global/specifications/bundler-1.5.0.gemspec
