                        sourcefile                           sourceline                         class                          count
-----------------------------------------------------------  ----------  ----------------------------------------------------  -----
<GEM:ethon-0.6.1>/lib/ethon/multi/operations.rb                      31  FFI::MemoryPointer                                        1
<GEM:ethon-0.6.1>/lib/ethon/multi/operations.rb                      30  FFI::MemoryPointer                                        1
<GEM:ethon-0.6.1>/lib/ethon/multi/operations.rb                      30  Array                                                     1
<GEM:ethon-0.6.1>/lib/ethon/multi/operations.rb                      30  Ethon::Curl::FDSet                                        1
<GEM:ethon-0.6.1>/lib/ethon/multi/operations.rb                      29  FFI::MemoryPointer                                        1
<GEM:ethon-0.6.1>/lib/ethon/multi/operations.rb                      29  Array                                                     1
<GEM:ethon-0.6.1>/lib/ethon/multi/operations.rb                      29  Ethon::Curl::FDSet                                        1
<GEM:ethon-0.6.1>/lib/ethon/multi/operations.rb                      28  FFI::MemoryPointer                                        1
<GEM:ethon-0.6.1>/lib/ethon/multi/operations.rb                      28  Array                                                     1
<GEM:ethon-0.6.1>/lib/ethon/multi/operations.rb                      28  Ethon::Curl::FDSet                                        1
<GEM:ethon-0.6.1>/lib/ethon/multi/operations.rb                      27  FFI::MemoryPointer                                        1
<GEM:ethon-0.6.1>/lib/ethon/multi/operations.rb                      27  Array                                                     1
<GEM:ethon-0.6.1>/lib/ethon/multi/operations.rb                      27  Ethon::Curl::Timeval                                      1
<GEM:ethon-0.6.1>/lib/ethon/multi/operations.rb                      26  FFI::MemoryPointer                                        1
<GEM:ethon-0.6.1>/lib/ethon/curl.rb                                  62  String                                                    1
<RUBYLIBDIR>/monitor.rb                                             241  Mutex                                                     1
<RUBYLIBDIR>/logger.rb                                              545  Array                                                     1
<RUBYLIBDIR>/logger.rb                                              545  Logger::LogDevice::LogDeviceMutex                         1
<RUBYLIBDIR>/logger.rb                                              318  Logger::LogDevice                                         1
<RUBYLIBDIR>/logger.rb                                              318  Hash                                                      1
<RUBYLIBDIR>/logger.rb                                              314  Logger::Formatter                                         1
<GEM:ethon-0.6.1>/lib/ethon/loggable.rb                              42  Logger                                                    1
<GEM:typhoeus-0.6.6>/lib/typhoeus/hydra.rb                           92  Ethon::Multi                                              1
<GEM:typhoeus-0.6.6>/lib/typhoeus/hydra.rb                           92  Hash                                                      1
<PWD>/crawler.rb                                                     23  Typhoeus::Hydra                                           1
<PWD>/crawler.rb                                                     23  Hash                                                      1
<PWD>/helpers/writer.rb                                               9  DebugHelper                                               1
<PWD>/crawler.rb                                                     21  Writer                                                    1
<PWD>/crawler.rb                                                     21  Hash                                                      1
<PWD>/crawler.rb                                                     21  String                                                    2
<PWD>/helpers/reader.rb                                               9  DebugHelper                                               1
<PWD>/helpers/reader.rb                                               8  String                                                    1
<PWD>/crawler.rb                                                     17  Reader                                                    1
<PWD>/crawler.rb                                                     17  Hash                                                      1
<PWD>/crawler.rb                                                     17  String                                                    1
<PWD>/crawler.rb                                                     15  DebugHelper                                               1
<PWD>/crawler.rb                                                      9  Hash                                                      1
<PWD>/crawler.rb                                                     12  Hash                                                      1
<PWD>/crawler.rb                                                     12  String                                                    1
<PWD>/crawler.rb                                                     11  Hash                                                      1
<PWD>/crawler.rb                                                     11  String                                                    1
<PWD>/crawler.rb                                                      9  String                                                    1
(pry)                                                                 8  YelpSync                                                  1
(pry)                                                                 8  Hash                                                      1
(pry)                                                                42  Runner                                                    1
(pry)                                                                42  Hash                                                      1
(pry)                                                                42  String                                                    1
<PWD>/helpers/reader.rb                                              19  String                                                32960
<PWD>/helpers/reader.rb                                              19  Array                                                     1
<PWD>/helpers/reader.rb                                              14  String                                                    1
<PWD>/helpers/reader.rb                                              14  File                                                      1
<PWD>/helpers/debug.rb                                               11  String                                                   38
<PWD>/helpers/debug.rb                                               10  String                                                   76
<PWD>/helpers/reader.rb                                              13  Array                                                     1
<PWD>/helpers/reader.rb                                              13  String                                                    3
<PWD>/crawler.rb                                                     28  Hash                                                      1
<PWD>/helpers/reader.rb                                              21  String                                                65920
<PWD>/helpers/reader.rb                                              20  Array                                                     1
<PWD>/crawler.rb                                                     46  Hash                                                      2
(pry)                                                                25  Array                                                     2
(pry)                                                                25  Range                                                     2
(pry)                                                                23  String                                                    6
(pry)                                                                13  Array                                                     1
<GEM:ethon-0.6.1>/lib/ethon/multi/operations.rb                     141  Ethon::Curl::Msg                                       2935
<GEM:ethon-0.6.1>/lib/ethon/multi/operations.rb                     139  FFI::MemoryPointer                                     2933
<GEM:ethon-0.6.1>/lib/ethon/multi/operations.rb                     159  FFI::MemoryPointer                                     2933
<GEM:ethon-0.6.1>/lib/ethon/multi/operations.rb                     141  Array                                                  2935
<GEM:ffi-1.9.3>/lib/ffi/autopointer.rb                               90  Array                                                     9
<GEM:ffi-1.9.3>/lib/ffi/autopointer.rb                               83  FFI::AutoPointer::CallableReleaser                        9
<GEM:ethon-0.6.1>/lib/ethon/multi/operations.rb                      16  FFI::AutoPointer                                          1
<GEM:ethon-0.6.1>/lib/ethon/multi/operations.rb                      16  Method                                                    1
<GEM:ethon-0.6.1>/lib/ethon/multi/operations.rb                      16  FFI::Pointer                                              1
<GEM:ethon-0.6.1>/lib/ethon/multi/stack.rb                           14  Array                                                     1
<GEM:ethon-0.6.1>/lib/ethon/easy/response_callbacks.rb               32  Array                                                     6
<GEM:typhoeus-0.6.6>/lib/typhoeus/easy_factory.rb                    88  Proc                                                      6
<GEM:typhoeus-0.6.6>/lib/typhoeus/easy_factory.rb                    88  RubyVM::Env                                               6
<GEM:ethon-0.6.1>/lib/ethon/curls/options.rb                         79  String                                                  162
<GEM:ethon-0.6.1>/lib/ethon/curls/options.rb                         11  String                                                  162
<GEM:ethon-0.6.1>/lib/ethon/curls/options.rb                         10  String                                                  162
<GEM:ethon-0.6.1>/lib/ethon/easy.rb                                 234  String                                                   48
<GEM:ethon-0.6.1>/lib/ethon/easy/header.rb                           31  FFI::AutoPointer                                          6
<GEM:ethon-0.6.1>/lib/ethon/easy/header.rb                           31  Method                                                    6
<GEM:ethon-0.6.1>/lib/ethon/easy/header.rb                           27  FFI::Pointer                                              6
<GEM:ethon-0.6.1>/lib/ethon/easy/util.rb                             20  String                                                    6
<GEM:ethon-0.6.1>/lib/ethon/easy/header.rb                           56  String                                                    6
<GEM:ethon-0.6.1>/lib/ethon/curls/options.rb                         76  Bignum                                                   18
<GEM:ethon-0.6.1>/lib/ethon/easy/form.rb                             26  Hash                                                      6
<GEM:ethon-0.6.1>/lib/ethon/easy/http/actionable.rb                  62  Ethon::Easy::Form                                         6
<GEM:ethon-0.6.1>/lib/ethon/easy/params.rb                           24  Hash                                                      6
<GEM:ethon-0.6.1>/lib/ethon/easy/http/actionable.rb                  52  Ethon::Easy::Params                                       6
<GEM:ethon-0.6.1>/lib/ethon/easy/http/actionable.rb                  22  Hash                                                      6
<GEM:ethon-0.6.1>/lib/ethon/easy/http.rb                             59  Ethon::Easy::Http::Get                                    6
<GEM:ethon-0.6.1>/lib/ethon/easy/http.rb                             56  String                                                   12
<GEM:typhoeus-0.6.6>/lib/typhoeus/easy_factory.rb                    99  Hash                                                     24
<GEM:typhoeus-0.6.6>/lib/typhoeus/easy_factory.rb                    69  Array                                                    24
<GEM:typhoeus-0.6.6>/lib/typhoeus/easy_factory.rb                    67  Hash                                                      6
<GEM:ethon-0.6.1>/lib/ethon/easy/debug_info.rb                       22  Array                                                     8
<GEM:ethon-0.6.1>/lib/ethon/easy/callbacks.rb                        27  Ethon::Easy::DebugInfo                                    8
<GEM:ethon-0.6.1>/lib/ethon/easy/callbacks.rb                        26  String                                                    8
<GEM:ethon-0.6.1>/lib/ethon/easy/callbacks.rb                        25  String                                                    8
<GEM:ethon-0.6.1>/lib/ethon/curls/options.rb                         79  FFI::Function                                             6
<GEM:ethon-0.6.1>/lib/ethon/easy/callbacks.rb                        64  Proc                                                      2
<GEM:ethon-0.6.1>/lib/ethon/easy/callbacks.rb                        64  RubyVM::Env                                               2
<GEM:ethon-0.6.1>/lib/ethon/easy/callbacks.rb                        50  Proc                                                      2
<GEM:ethon-0.6.1>/lib/ethon/easy/callbacks.rb                        50  RubyVM::Env                                               2
<GEM:ethon-0.6.1>/lib/ethon/curls/options.rb                         79  Hash                                                      1
<GEM:ethon-0.6.1>/lib/ethon/curls/options.rb                         79  Thread                                                    1
<GEM:ethon-0.6.1>/lib/ethon/easy/operations.rb                       13  FFI::AutoPointer                                          2
<GEM:ethon-0.6.1>/lib/ethon/easy/operations.rb                       13  Method                                                    2
<GEM:ethon-0.6.1>/lib/ethon/easy/operations.rb                       13  FFI::Pointer                                              2
<GEM:ethon-0.6.1>/lib/ethon/easy/callbacks.rb                        37  Proc                                                      2
<GEM:ethon-0.6.1>/lib/ethon/easy/callbacks.rb                        37  RubyVM::Env                                               2
<GEM:ethon-0.6.1>/lib/ethon/easy.rb                                 216  Hash                                                      2
<GEM:typhoeus-0.6.6>/lib/typhoeus/pool.rb                            32  Ethon::Easy                                               2
<GEM:typhoeus-0.6.6>/lib/typhoeus/pool.rb                            55  Array                                                     1
<GEM:typhoeus-0.6.6>/lib/typhoeus/hydra/addable.rb                   19  Typhoeus::EasyFactory                                     2
<GEM:typhoeus-0.6.6>/lib/typhoeus/expectation.rb                     61  Array                                                     1
<GEM:typhoeus-0.6.6>/lib/typhoeus.rb                                 98  Array                                                     1
<GEM:typhoeus-0.6.6>/lib/typhoeus/hydra/runnable.rb                  17  Array                                                     4
<PWD>/crawler.rb                                                    179  Array                                                     2
<PWD>/crawler.rb                                                    179  String                                                    6
<PWD>/crawler.rb                                                    147  String                                                    2
<RUBYLIBDIR>/benchmark.rb                                           278  Time                                                      2
<RUBYLIBDIR>/benchmark.rb                                           278  Process::Tms                                              2
<RUBYLIBDIR>/benchmark.rb                                           277  String                                                    2
<PWD>/crawler.rb                                                    144  Array                                                     2
<PWD>/crawler.rb                                                    144  String                                                    6
<PWD>/crawler.rb                                                    143  Array                                                     2
<PWD>/crawler.rb                                                    143  String                                                    6
<PWD>/crawler.rb                                                    141  Array                                                     2
<PWD>/crawler.rb                                                    141  String                                                    6
<GEM:typhoeus-0.6.6>/lib/typhoeus/hydra/queueable.rb                 17  Array                                                     1
<GEM:typhoeus-0.6.6>/lib/typhoeus/request/callbacks.rb               41  Array                                                     3
<PWD>/crawler.rb                                                     76  Proc                                                      2
<PWD>/crawler.rb                                                     76  RubyVM::Env                                               2
<GEM:typhoeus-0.6.6>/lib/typhoeus/request.rb                        191  Hash                                                      4
<GEM:typhoeus-0.6.6>/lib/typhoeus/request.rb                        113  Hash                                                      2
<PWD>/crawler.rb                                                     44  Typhoeus::Request                                         2
<PWD>/crawler.rb                                                     45  Hash                                                      2
<GEM:ffi-1.9.3>/lib/ffi/pointer.rb                                   52  String                                                  170
<GEM:ethon-0.6.1>/lib/ethon/multi/operations.rb                     171  FFI::Pointer                                            324
<GEM:typhoeus-0.6.6>/lib/typhoeus/request.rb                        127  Typhoeus::EasyFactory                                     4
<PWD>/crawler.rb                                                    189  Array                                                     2
<PWD>/crawler.rb                                                    189  String                                                    2
<GEM:typhoeus-0.6.6>/lib/typhoeus/request/callbacks.rb               98  Array                                                     2
<GEM:typhoeus-0.6.6>/lib/typhoeus/request/callbacks.rb               93  Array                                                     4
<GEM:typhoeus-0.6.6>/lib/typhoeus/request/callbacks.rb               57  Array                                                     3
<GEM:typhoeus-0.6.6>/lib/typhoeus/request/callbacks.rb               90  Array                                                     2
<GEM:typhoeus-0.6.6>/lib/typhoeus/easy_factory.rb                    89  Typhoeus::Response                                        2
<GEM:ethon-0.6.1>/lib/ethon/easy/mirror.rb                           21  Ethon::Easy::Mirror                                       2
<GEM:ffi-1.9.3>/lib/ffi/pointer.rb                                   54  String                                                    4
<GEM:ethon-0.6.1>/lib/ethon/curls/infos.rb                          108  FFI::Pointer                                              4
<GEM:ethon-0.6.1>/lib/ethon/curls/infos.rb                          149  FFI::MemoryPointer                                        1
<GEM:ethon-0.6.1>/lib/ethon/curls/infos.rb                          169  FFI::MemoryPointer                                        1
<GEM:ethon-0.6.1>/lib/ethon/curls/infos.rb                          159  FFI::MemoryPointer                                        1
<GEM:ethon-0.6.1>/lib/ethon/easy/mirror.rb                            9  Array                                                     4
<GEM:ethon-0.6.1>/lib/ethon/easy/mirror.rb                            8  Array                                                     2
<GEM:ethon-0.6.1>/lib/ethon/easy/mirror.rb                           17  Hash                                                      2
<GEM:ethon-0.6.1>/lib/ethon/multi/operations.rb                     146  Proc                                                      2
<GEM:ethon-0.6.1>/lib/ethon/multi/operations.rb                     146  RubyVM::Env                                               2
<GEM:ffi-1.9.3>/lib/ffi/struct.rb                                    75  Array                                                     2
<GEM:ffi-1.9.3>/lib/ffi/struct.rb                                    75  Ethon::Curl::MsgData                                      2
<GEM:ffi-1.9.3>/lib/ffi/struct.rb                                    75  FFI::Pointer                                              2
<GEM:ethon-0.6.1>/lib/ethon/multi/operations.rb                     144  FFI::Pointer                                              2
<GEM:ethon-0.6.1>/lib/ethon/multi/operations.rb                     141  FFI::Pointer                                              2
<GEM:nokogiri-1.6.1>/lib/nokogiri/xml/sax/push_parser.rb             47  String                                                22457
<GEM:nokogiri-1.6.1>/lib/nokogiri/html/document.rb                  147  String                                                 5626
<GEM:nokogiri-1.6.1>/lib/nokogiri/xml/sax/push_parser.rb             47  Array                                                  9440
<GEM:nokogiri-1.6.1>/lib/nokogiri/html/document.rb                  151  String                                                    4
<GEM:nokogiri-1.6.1>/lib/nokogiri/html/document.rb                  149  String                                                    4
<GEM:nokogiri-1.6.1>/lib/nokogiri/html/document.rb                  148  String                                                    8
<GEM:nokogiri-1.6.1>/lib/nokogiri/html/document.rb                  148  Hash                                                      4
<GEM:nokogiri-1.6.1>/lib/nokogiri/html/sax/push_parser.rb             8  Nokogiri::HTML::SAX::Parser                               2
<GEM:nokogiri-1.6.1>/lib/nokogiri/html/sax/push_parser.rb             5  String                                                    2
<GEM:nokogiri-1.6.1>/lib/nokogiri/html/document.rb                  188  Nokogiri::HTML::SAX::PushParser                           2
<GEM:nokogiri-1.6.1>/lib/nokogiri/html/document.rb                  187  Nokogiri::HTML::Document::EncodingReader::SAXHandler      2
<GEM:nokogiri-1.6.1>/lib/nokogiri/version.rb                          7  String                                                    4
<GEM:nokogiri-1.6.1>/lib/nokogiri/html/document.rb                  176  String                                                    1
<GEM:nokogiri-1.6.1>/lib/nokogiri/html/document.rb                   90  String                                                    4
<GEM:nokogiri-1.6.1>/lib/nokogiri/html/document.rb                   85  Nokogiri::XML::ParseOptions                               2
<PWD>/crawler.rb                                                     55  Array                                                     8
<PWD>/crawler.rb                                                     55  String                                                    2
<RUBYLIBDIR>/cgi/core.rb                                            385  Array                                                     2
<RUBYLIBDIR>/cgi/core.rb                                            381  String                                                    6
<RUBYLIBDIR>/cgi/core.rb                                            381  Array                                                     6
<RUBYLIBDIR>/cgi/util.rb                                             18  String                                                   61
<RUBYLIBDIR>/cgi/core.rb                                            377  Array                                                    12
<RUBYLIBDIR>/cgi/core.rb                                            377  String                                                   18
<RUBYLIBDIR>/cgi/core.rb                                            376  String                                                   11
<RUBYLIBDIR>/cgi/core.rb                                            376  MatchData                                                 2
<RUBYLIBDIR>/cgi/core.rb                                            376  Array                                                     2
<RUBYLIBDIR>/cgi/core.rb                                            375  Hash                                                      2
<RUBYLIBDIR>/uri/generic.rb                                         530  Array                                                     2
<RUBYLIBDIR>/uri/generic.rb                                         557  Array                                                     2
<RUBYLIBDIR>/uri/generic.rb                                         343  String                                                    2
<RUBYLIBDIR>/uri/common.rb                                          214  Array                                                     2
<RUBYLIBDIR>/uri/common.rb                                          214  URI::HTTP                                                 2
<RUBYLIBDIR>/uri/common.rb                                          214  String                                                    2
<RUBYLIBDIR>/uri/common.rb                                          213  String                                                    2
<RUBYLIBDIR>/uri/common.rb                                          181  Array                                                     2
<RUBYLIBDIR>/uri/common.rb                                          127  Array                                                     4
<RUBYLIBDIR>/uri/common.rb                                          127  String                                                   10
<RUBYLIBDIR>/uri/common.rb                                          125  MatchData                                                 2
<RUBYLIBDIR>/uri/common.rb                                          125  String                                                    1
<PWD>/crawler.rb                                                     53  Hash                                                      2
<PWD>/crawler.rb                                                    111  String                                                    3
<PWD>/crawler.rb                                                    111  MatchData                                                 2
<GEM:nokogiri-1.6.1>/lib/nokogiri/html/document.rb                  124  String                                                  205
<GEM:nokogiri-1.6.1>/lib/nokogiri/html/document.rb                  124  Nokogiri::XML::SyntaxError                              202
<GEM:nokogiri-1.6.1>/lib/nokogiri/html/document.rb                  124  Array                                                     6
<GEM:nokogiri-1.6.1>/lib/nokogiri/xml/sax/push_parser.rb             47  Thread::Backtrace                                         2
<GEM:nokogiri-1.6.1>/lib/nokogiri/xml/sax/push_parser.rb             47  Nokogiri::XML::SyntaxError                                2
<GEM:nokogiri-1.6.1>/lib/nokogiri/xml/node.rb                       949  Array                                                  3734
<GEM:nokogiri-1.6.1>/lib/nokogiri/xml/node.rb                       948  Nokogiri::XML::Text                                    1867
<GEM:nokogiri-1.6.1>/lib/nokogiri/xml/node_set.rb                   237  Nokogiri::XML::Text                                    1867
<GEM:nokogiri-1.6.1>/lib/nokogiri/html/document_fragment.rb          23  Proc                                                   1867
<GEM:nokogiri-1.6.1>/lib/nokogiri/html/document_fragment.rb          23  RubyVM::Env                                            1867
<GEM:nokogiri-1.6.1>/lib/nokogiri/html/document_fragment.rb          23  Nokogiri::XML::NodeSet                                 1867
<GEM:nokogiri-1.6.1>/lib/nokogiri/xml/node_set.rb                    24  Nokogiri::XML::Element                                 1867
<GEM:nokogiri-1.6.1>/lib/nokogiri/xml/node.rb                       510  Nokogiri::XML::NodeSet                                 1867
<GEM:nokogiri-1.6.1>/lib/nokogiri/xml/node.rb                       496  Nokogiri::XML::ParseOptions                            1867
<GEM:nokogiri-1.6.1>/lib/nokogiri/html/document_fragment.rb          22  String                                                 1867
<GEM:nokogiri-1.6.1>/lib/nokogiri/html/document_fragment.rb          21  Array                                                  1867
<GEM:nokogiri-1.6.1>/lib/nokogiri/xml/node.rb                       486  Nokogiri::HTML::DocumentFragment                       1867
<GEM:nokogiri-1.6.1>/lib/nokogiri/xml/node.rb                       486  Array                                                  1867
<PWD>/crawler.rb                                                    231  String                                                 2268
<GEM:nokogiri-1.6.1>/lib/nokogiri/xml/node_set.rb                   237  Nokogiri::XML::Element                                 3070
<GEM:nokogiri-1.6.1>/lib/nokogiri/xml/node.rb                       876  Nokogiri::XML::Text                                    1867
<GEM:nokogiri-1.6.1>/lib/nokogiri/xml/node.rb                       299  Nokogiri::XML::Element                                  401
<GEM:nokogiri-1.6.1>/lib/nokogiri/xml/node.rb                       393  Proc                                                   1867
<GEM:nokogiri-1.6.1>/lib/nokogiri/xml/node.rb                       393  RubyVM::Env                                            1867
<GEM:nokogiri-1.6.1>/lib/nokogiri/xml/node.rb                       926  Nokogiri::XML::NodeSet                                 1867
<GEM:nokogiri-1.6.1>/lib/nokogiri/html/document_fragment.rb          37  Nokogiri::XML::NodeSet                                 1867
<GEM:nokogiri-1.6.1>/lib/nokogiri/html/document_fragment.rb          24  Array                                                  1867
<GEM:nokogiri-1.6.1>/lib/nokogiri/html/document_fragment.rb          24  Hash                                                      1
<PWD>/crawler.rb                                                    231  Proc                                                    401
<PWD>/crawler.rb                                                    231  RubyVM::Env                                             401
<GEM:nokogiri-1.6.1>/lib/nokogiri/xml/node.rb                       159  Nokogiri::XML::NodeSet                                 1606
<GEM:nokogiri-1.6.1>/lib/nokogiri/xml/node.rb                       151  Nokogiri::XML::XPathContext                            1606
<GEM:nokogiri-1.6.1>/lib/nokogiri/xml/node.rb                       150  Array                                                  1606
<GEM:nokogiri-1.6.1>/lib/nokogiri/xml/node.rb                       916  Array                                                  3212
<GEM:nokogiri-1.6.1>/lib/nokogiri/xml/node.rb                       912  Array                                                  3212
<GEM:nokogiri-1.6.1>/lib/nokogiri/xml/node.rb                       906  Array                                                  3212
<GEM:nokogiri-1.6.1>/lib/nokogiri/xml/node.rb                       901  Array                                                  4818
<GEM:nokogiri-1.6.1>/lib/nokogiri/xml/node.rb                       214  Array                                                  1606
<GEM:nokogiri-1.6.1>/lib/nokogiri/xml/node.rb                       212  Array                                                  8030
<GEM:nokogiri-1.6.1>/lib/nokogiri/css/parser_extras.rb               25  String                                                    5
<GEM:nokogiri-1.6.1>/lib/nokogiri/css/node.rb                        27  String                                                    5
<GEM:nokogiri-1.6.1>/lib/nokogiri/css/node.rb                        19  String                                                   45
<GEM:nokogiri-1.6.1>/lib/nokogiri/css/node.rb                        93  Array                                                   108
<GEM:nokogiri-1.6.1>/lib/nokogiri/css/node.rb                        91  Array                                                   108
<GEM:nokogiri-1.6.1>/lib/nokogiri/css/node.rb                        81  Array                                                    30
<GEM:nokogiri-1.6.1>/lib/nokogiri/css/node.rb                        54  Array                                                     5
<GEM:nokogiri-1.6.1>/lib/nokogiri/css/node.rb                        55  Array                                                    10
<GEM:nokogiri-1.6.1>/lib/nokogiri/css/node.rb                        34  Array                                                     5
<GEM:nokogiri-1.6.1>/lib/nokogiri/css/node.rb                        36  Array                                                     5
<GEM:nokogiri-1.6.1>/lib/nokogiri/css/node.rb                        37  Array                                                     5
<GEM:nokogiri-1.6.1>/lib/nokogiri/css/node.rb                        35  Array                                                     5
<GEM:nokogiri-1.6.1>/lib/nokogiri/css/parser_extras.rb               79  Array                                                     5
<GEM:nokogiri-1.6.1>/lib/nokogiri/css/parser.rb                     315  Array                                                     5
<RUBYLIBDIR>/racc/parser.rb                                         258  Array                                                    33
<GEM:nokogiri-1.6.1>/lib/nokogiri/css/parser.rb                     445  Nokogiri::CSS::Node                                       6
<GEM:nokogiri-1.6.1>/lib/nokogiri/css/parser.rb                     445  Array                                                     6
<GEM:nokogiri-1.6.1>/lib/nokogiri/css/parser.rb                     444  String                                                    6
<RUBYLIBDIR>/racc/parser.rb                                         258  String                                                    7
<GEM:nokogiri-1.6.1>/lib/nokogiri/css/tokenizer.rb                   68  Array                                                    10
<GEM:nokogiri-1.6.1>/lib/nokogiri/css/tokenizer.rb                   67  String                                                   11
<GEM:nokogiri-1.6.1>/lib/nokogiri/css/tokenizer.rb                   57  String                                                   15
<GEM:nokogiri-1.6.1>/lib/nokogiri/css/tokenizer.rb                   56  String                                                   15
<RUBYLIBDIR>/racc/parser.rb                                         258  Racc::CparseParams                                        5
<GEM:nokogiri-1.6.1>/lib/nokogiri/css/tokenizer.rb                   19  StringScanner                                             5
<GEM:nokogiri-1.6.1>/lib/nokogiri/css/parser_extras.rb               76  Array                                                     5
<GEM:nokogiri-1.6.1>/lib/nokogiri/css/parser_extras.rb               77  Nokogiri::CSS::XPathVisitor                               5
<GEM:nokogiri-1.6.1>/lib/nokogiri/css/parser_extras.rb               71  String                                                 3212
<GEM:nokogiri-1.6.1>/lib/nokogiri/css/parser_extras.rb               55  Nokogiri::CSS::Tokenizer                               1606
<GEM:nokogiri-1.6.1>/lib/nokogiri/css.rb                             23  Nokogiri::CSS::Parser                                  1606
<GEM:nokogiri-1.6.1>/lib/nokogiri/xml/node.rb                       211  Hash                                                   1606
<GEM:nokogiri-1.6.1>/lib/nokogiri/xml/node.rb                       210  Array                                                  1606
<GEM:nokogiri-1.6.1>/lib/nokogiri/xml/node.rb                       208  String                                                 1606
<GEM:nokogiri-1.6.1>/lib/nokogiri/xml/node.rb                       940  String                                                 1604
<GEM:nokogiri-1.6.1>/lib/nokogiri/xml/node.rb                       546  Hash                                                   1606
<GEM:nokogiri-1.6.1>/lib/nokogiri/xml/node.rb                       546  Array                                                  3212
<PWD>/crawler.rb                                                    231  Array                                                   401
<PWD>/crawler.rb                                                    229  Hash                                                    401
<PWD>/crawler.rb                                                    228  Proc                                                      2
<PWD>/crawler.rb                                                    228  RubyVM::Env                                               2
<GEM:nokogiri-1.6.1>/lib/nokogiri/css/xpath_visitor.rb              142  String                                                   12
<GEM:nokogiri-1.6.1>/lib/nokogiri/css/xpath_visitor.rb              123  String                                                    4
<GEM:nokogiri-1.6.1>/lib/nokogiri/css/xpath_visitor.rb              141  String                                                    8
<GEM:nokogiri-1.6.1>/lib/nokogiri/css/node.rb                        84  Array                                                    20
<GEM:nokogiri-1.6.1>/lib/nokogiri/css/parser.rb                     353  Nokogiri::CSS::Node                                       4
<GEM:nokogiri-1.6.1>/lib/nokogiri/css/parser.rb                     353  Array                                                     4
<GEM:nokogiri-1.6.1>/lib/nokogiri/css/parser.rb                     424  Nokogiri::CSS::Node                                       4
<GEM:nokogiri-1.6.1>/lib/nokogiri/css/parser.rb                     424  Array                                                     4
<GEM:nokogiri-1.6.1>/lib/nokogiri/css/tokenizer.rb                  137  Array                                                     4
<GEM:nokogiri-1.6.1>/lib/nokogiri/css/tokenizer.rb                  136  String                                                    5
<GEM:nokogiri-1.6.1>/lib/nokogiri/css/tokenizer.rb                  133  String                                                    1
<GEM:nokogiri-1.6.1>/lib/nokogiri/css/tokenizer.rb                  130  String                                                    2
<GEM:nokogiri-1.6.1>/lib/nokogiri/css/tokenizer.rb                  127  String                                                    1
<GEM:nokogiri-1.6.1>/lib/nokogiri/css/tokenizer.rb                  124  String                                                    1
<GEM:nokogiri-1.6.1>/lib/nokogiri/css/tokenizer.rb                  121  String                                                    1
<GEM:nokogiri-1.6.1>/lib/nokogiri/css/tokenizer.rb                  118  String                                                    1
<GEM:nokogiri-1.6.1>/lib/nokogiri/css/tokenizer.rb                  115  String                                                    1
<GEM:nokogiri-1.6.1>/lib/nokogiri/css/tokenizer.rb                  112  String                                                    1
<GEM:nokogiri-1.6.1>/lib/nokogiri/css/tokenizer.rb                  109  String                                                    1
<GEM:nokogiri-1.6.1>/lib/nokogiri/css/tokenizer.rb                  106  String                                                    1
<GEM:nokogiri-1.6.1>/lib/nokogiri/css/tokenizer.rb                  103  String                                                    1
<GEM:nokogiri-1.6.1>/lib/nokogiri/css/tokenizer.rb                  100  String                                                    1
<GEM:nokogiri-1.6.1>/lib/nokogiri/css/tokenizer.rb                   97  String                                                    1
<GEM:nokogiri-1.6.1>/lib/nokogiri/css/tokenizer.rb                   94  String                                                    1
<GEM:nokogiri-1.6.1>/lib/nokogiri/css/tokenizer.rb                   91  String                                                    1
<GEM:nokogiri-1.6.1>/lib/nokogiri/css/tokenizer.rb                   88  String                                                    1
<GEM:nokogiri-1.6.1>/lib/nokogiri/css/tokenizer.rb                   85  String                                                    1
<GEM:nokogiri-1.6.1>/lib/nokogiri/css/tokenizer.rb                   82  String                                                    1
<GEM:nokogiri-1.6.1>/lib/nokogiri/css/tokenizer.rb                   79  String                                                    1
<GEM:nokogiri-1.6.1>/lib/nokogiri/css/tokenizer.rb                   76  String                                                    1
<GEM:nokogiri-1.6.1>/lib/nokogiri/css/tokenizer.rb                   73  String                                                    1
<GEM:nokogiri-1.6.1>/lib/nokogiri/css/tokenizer.rb                   70  String                                                    1
<GEM:nokogiri-1.6.1>/lib/nokogiri/css/tokenizer.rb                   64  String                                                    1
<GEM:nokogiri-1.6.1>/lib/nokogiri/css/tokenizer.rb                   61  String                                                    1
<GEM:nokogiri-1.6.1>/lib/nokogiri/xml/document.rb                   271  String                                                    2
<GEM:nokogiri-1.6.1>/lib/nokogiri/xml/node.rb                       914  Nokogiri::XML::Element                                    2
<PWD>/crawler.rb                                                    228  Array                                                     2
<PWD>/crawler.rb                                                    228  String                                                    2
<PWD>/crawler.rb                                                    226  Array                                                     2
<PWD>/crawler.rb                                                    224  Array                                                     2
<PWD>/crawler.rb                                                    224  String                                                    6
<PWD>/crawler.rb                                                    249  Array                                                     2
<PWD>/crawler.rb                                                    249  String                                                    2
<GEM:nokogiri-1.6.1>/lib/nokogiri/xml/document.rb                    68  Array                                                     2
<GEM:nokogiri-1.6.1>/lib/nokogiri/html/document.rb                  124  Nokogiri::HTML::Document                                  2
<PWD>/crawler.rb                                                    234  Array                                                   401
<PWD>/crawler.rb                                                    234  String                                                 3394
<GEM:nokogiri-1.6.1>/lib/nokogiri/xml/node_set.rb                   244  String                                                 3609
<GEM:nokogiri-1.6.1>/lib/nokogiri/xml/node_set.rb                   244  Proc                                                   2406
<GEM:nokogiri-1.6.1>/lib/nokogiri/xml/node_set.rb                   244  RubyVM::Env                                            2406
<GEM:nokogiri-1.6.1>/lib/nokogiri/xml/node_set.rb                   244  Array                                                  1203
(eval)                                                                3  String                                                    2
<GEM:nokogiri-1.6.1>/lib/nokogiri/css/parser.rb                     416  Nokogiri::CSS::Node                                       1
<GEM:nokogiri-1.6.1>/lib/nokogiri/css/parser.rb                     416  Array                                                     1
<GEM:nokogiri-1.6.1>/lib/nokogiri/css/tokenizer.rb                  131  Array                                                     1
<PWD>/crawler.rb                                                    233  Array                                                   401
<PWD>/crawler.rb                                                    233  String                                                  401
<PWD>/crawler.rb                                                    237  String                                                  802
<PWD>/crawler.rb                                                    237  Array                                                   401
<PWD>/crawler.rb                                                    236  Array                                                   802
<PWD>/crawler.rb                                                    236  String                                                 1994
<PWD>/crawler.rb                                                    234  MatchData                                               401
<PWD>/crawler.rb                                                    234  Regexp                                                  397
<PWD>/helpers/writer.rb                                              49  Array                                                   401
<RUBYLIBDIR>/csv.rb                                                1664  String                                                  802
<RUBYLIBDIR>/csv.rb                                                1657  String                                                  802
<RUBYLIBDIR>/csv.rb                                                2026  String                                                  633
<RUBYLIBDIR>/csv.rb                                                2025  String                                                 3106
<RUBYLIBDIR>/csv.rb                                                2023  String                                                  633
<RUBYLIBDIR>/csv.rb                                                1657  Array                                                   401
<RUBYLIBDIR>/csv.rb                                                2025  Regexp                                                    2
<RUBYLIBDIR>/csv.rb                                                2089  Method                                                    4
<RUBYLIBDIR>/csv.rb                                                2089  String                                                   16
<RUBYLIBDIR>/csv.rb                                                2089  MatchData                                                 4
<RUBYLIBDIR>/csv.rb                                                2086  Array                                                     4
<RUBYLIBDIR>/csv.rb                                                2086  String                                                    8
<RUBYLIBDIR>/csv.rb                                                2060  Hash                                                      2
<RUBYLIBDIR>/csv.rb                                                2261  String                                                   92
<RUBYLIBDIR>/csv.rb                                                2261  Array                                                    12
<RUBYLIBDIR>/csv.rb                                                2067  Array                                                     2
<RUBYLIBDIR>/csv.rb                                                2067  String                                                    2
<RUBYLIBDIR>/csv.rb                                                2253  String                                                   19
<RUBYLIBDIR>/csv.rb                                                2253  Regexp                                                    8
<RUBYLIBDIR>/csv.rb                                                2253  Array                                                     8
<RUBYLIBDIR>/csv.rb                                                2065  Array                                                     2
<RUBYLIBDIR>/csv.rb                                                2065  String                                                    2
<RUBYLIBDIR>/csv.rb                                                2062  Array                                                     2
<RUBYLIBDIR>/csv.rb                                                2063  String                                                    4
<RUBYLIBDIR>/csv.rb                                                2062  String                                                    4
<RUBYLIBDIR>/csv.rb                                                2061  Array                                                     2
<RUBYLIBDIR>/csv.rb                                                2061  String                                                    2
<RUBYLIBDIR>/csv.rb                                                2060  Array                                                     2
<RUBYLIBDIR>/csv.rb                                                2060  String                                                    4
<RUBYLIBDIR>/csv.rb                                                2245  String                                                    4
<RUBYLIBDIR>/csv.rb                                                2032  Proc                                                      2
<RUBYLIBDIR>/csv.rb                                                2028  Array                                                     2
<RUBYLIBDIR>/csv.rb                                                2028  String                                                    2
<RUBYLIBDIR>/csv.rb                                                2021  Proc                                                      2
<RUBYLIBDIR>/csv.rb                                                2021  RubyVM::Env                                               2
<RUBYLIBDIR>/csv.rb                                                2017  String                                                    2
<RUBYLIBDIR>/csv.rb                                                1966  Array                                                     2
<RUBYLIBDIR>/csv.rb                                                1955  String                                                    2
<RUBYLIBDIR>/csv.rb                                                1953  String                                                    2
<RUBYLIBDIR>/csv.rb                                                1510  String                                                   14
<RUBYLIBDIR>/csv.rb                                                1510  Regexp                                                    2
<RUBYLIBDIR>/csv.rb                                                1509  String                                                    4
<RUBYLIBDIR>/csv.rb                                                1491  StringIO                                                  2
<RUBYLIBDIR>/csv.rb                                                1488  Hash                                                      2
<RUBYLIBDIR>/csv.rb                                                1486  Hash                                                      2
<RUBYLIBDIR>/csv.rb                                                1156  CSV                                                       2
<RUBYLIBDIR>/csv.rb                                                1152  String                                                    2
<PWD>/helpers/writer.rb                                              46  Array                                                     2
<PWD>/helpers/writer.rb                                              14  String                                                    2
<PWD>/helpers/writer.rb                                              14  File                                                      2
<PWD>/helpers/writer.rb                                              13  Array                                                     2
<PWD>/helpers/writer.rb                                              13  String                                                    6
<RUBYLIBDIR>/csv.rb                                                2034  String                                                   12
<PWD>/helpers/writer.rb                                              53  String                                                    2
<RUBYLIBDIR>/csv.rb                                                1158  Array                                                     2
(pry)                                                                30  String                                                    6
<PWD>/crawler.rb                                                    155  Array                                                     2
<PWD>/crawler.rb                                                    155  String                                                    6
<PWD>/crawler.rb                                                    146  String                                                    2
<RUBYLIBDIR>/benchmark.rb                                           492  MatchData                                                 2
<RUBYLIBDIR>/benchmark.rb                                           492  String                                                   15
<RUBYLIBDIR>/benchmark.rb                                           491  MatchData                                                 4
<RUBYLIBDIR>/benchmark.rb                                           491  String                                                   15
<RUBYLIBDIR>/benchmark.rb                                           490  String                                                    1
<RUBYLIBDIR>/benchmark.rb                                           489  String                                                    1
<RUBYLIBDIR>/benchmark.rb                                           488  MatchData                                                 2
<RUBYLIBDIR>/benchmark.rb                                           488  String                                                   15
<RUBYLIBDIR>/benchmark.rb                                           487  MatchData                                                 4
<RUBYLIBDIR>/benchmark.rb                                           487  String                                                   15
<RUBYLIBDIR>/benchmark.rb                                           486  String                                                    1
<RUBYLIBDIR>/benchmark.rb                                           485  String                                                    2
<RUBYLIBDIR>/benchmark.rb                                           500  Array                                                     2
<PWD>/crawler.rb                                                    146  Hash                                                      1
<RUBYLIBDIR>/benchmark.rb                                           281  Benchmark::Tms                                            2
<RUBYLIBDIR>/benchmark.rb                                           280  Time                                                      2
<RUBYLIBDIR>/benchmark.rb                                           280  Process::Tms                                              2
<GEM:typhoeus-0.6.6>/lib/typhoeus/hydra/memoizable.rb                21  Hash                                                      1