                        sourcefile                           sourceline                         class                                               class_path                               method_id          count
-----------------------------------------------------------  ----------  ----------------------------------------------------  ----------------------------------------------------  -------------------------  -----
<PWD>/helpers/reader.rb                                              19  String                                                IO                                                    readlines                  32960
<PWD>/helpers/reader.rb                                              19  Array                                                 IO                                                    readlines                      1
<PWD>/helpers/reader.rb                                              14  String                                                File                                                  initialize                     1
<PWD>/helpers/reader.rb                                              14  File                                                                                                        open                           1
<PWD>/helpers/debug.rb                                               11  String                                                IO                                                    write                         19
<PWD>/helpers/debug.rb                                               11  String                                                DebugHelper                                           print                         19
<PWD>/helpers/debug.rb                                               10  String                                                IO                                                    write                         19
<PWD>/helpers/debug.rb                                               10  String                                                                                                      to_s                          19
<PWD>/helpers/debug.rb                                               10  String                                                Array                                                 join                          19
<PWD>/helpers/debug.rb                                               10  String                                                DebugHelper                                           print                         19
<PWD>/helpers/reader.rb                                              13  Array                                                 Reader                                                open                           1
<PWD>/helpers/reader.rb                                              13  String                                                                                                      basename                       1
<PWD>/helpers/reader.rb                                              13  String                                                Reader                                                open                           2
<PWD>/crawler.rb                                                     28  Hash                                                  YelpSync                                              initialize                     1
<GEM:ethon-0.6.1>/lib/ethon/multi/operations.rb                      31  FFI::MemoryPointer                                    Class                                                 new                            1
<GEM:ethon-0.6.1>/lib/ethon/multi/operations.rb                      30  FFI::MemoryPointer                                    FFI::Struct                                           initialize                     1
<GEM:ethon-0.6.1>/lib/ethon/multi/operations.rb                      30  Array                                                 FFI::Struct                                           initialize                     1
<GEM:ethon-0.6.1>/lib/ethon/multi/operations.rb                      30  Ethon::Curl::FDSet                                    Class                                                 new                            1
<GEM:ethon-0.6.1>/lib/ethon/multi/operations.rb                      29  FFI::MemoryPointer                                    FFI::Struct                                           initialize                     1
<GEM:ethon-0.6.1>/lib/ethon/multi/operations.rb                      29  Array                                                 FFI::Struct                                           initialize                     1
<GEM:ethon-0.6.1>/lib/ethon/multi/operations.rb                      29  Ethon::Curl::FDSet                                    Class                                                 new                            1
<GEM:ethon-0.6.1>/lib/ethon/multi/operations.rb                      28  FFI::MemoryPointer                                    FFI::Struct                                           initialize                     1
<GEM:ethon-0.6.1>/lib/ethon/multi/operations.rb                      28  Array                                                 FFI::Struct                                           initialize                     1
<GEM:ethon-0.6.1>/lib/ethon/multi/operations.rb                      28  Ethon::Curl::FDSet                                    Class                                                 new                            1
<GEM:ethon-0.6.1>/lib/ethon/multi/operations.rb                      27  FFI::MemoryPointer                                    FFI::Struct                                           initialize                     1
<GEM:ethon-0.6.1>/lib/ethon/multi/operations.rb                      27  Array                                                 FFI::Struct                                           initialize                     1
<GEM:ethon-0.6.1>/lib/ethon/multi/operations.rb                      27  Ethon::Curl::Timeval                                  Class                                                 new                            1
<GEM:ethon-0.6.1>/lib/ethon/multi/operations.rb                      26  FFI::MemoryPointer                                    Class                                                 new                            1
<GEM:typhoeus-0.6.6>/lib/typhoeus/hydra.rb                           92  Ethon::Multi                                          Class                                                 new                            1
<GEM:typhoeus-0.6.6>/lib/typhoeus/hydra.rb                           92  Hash                                                  Hash                                                  reject                         1
<PWD>/crawler.rb                                                     23  Typhoeus::Hydra                                       Class                                                 new                            1
<PWD>/crawler.rb                                                     23  Hash                                                                                                        core#hash_from_ary             1
<PWD>/helpers/writer.rb                                               9  DebugHelper                                           Class                                                 new                            1
<PWD>/crawler.rb                                                     21  Writer                                                Class                                                 new                            1
<PWD>/crawler.rb                                                     21  Hash                                                  YelpSync                                              initialize                     1
<PWD>/crawler.rb                                                     21  String                                                YelpSync                                              initialize                     2
<PWD>/helpers/reader.rb                                               9  DebugHelper                                           Class                                                 new                            1
<PWD>/helpers/reader.rb                                               8  String                                                Reader                                                initialize                     1
<PWD>/crawler.rb                                                     17  Reader                                                Class                                                 new                            1
<PWD>/crawler.rb                                                     17  Hash                                                  YelpSync                                              initialize                     1
<PWD>/crawler.rb                                                     17  String                                                YelpSync                                              initialize                     1
<PWD>/crawler.rb                                                     15  DebugHelper                                           Class                                                 new                            1
<PWD>/crawler.rb                                                      9  Hash                                                  YelpSync                                              initialize                     1
<PWD>/crawler.rb                                                     12  Hash                                                  YelpSync                                              initialize                     1
<PWD>/crawler.rb                                                     12  String                                                YelpSync                                              initialize                     1
<PWD>/crawler.rb                                                     11  Hash                                                  YelpSync                                              initialize                     1
<PWD>/crawler.rb                                                     11  String                                                YelpSync                                              initialize                     1
<PWD>/crawler.rb                                                      9  String                                                YelpSync                                              initialize                     1
runner.rb                                                             8  YelpSync                                              Class                                                 new                            1
runner.rb                                                             8  Hash                                                  Runner                                                initialize                     1
runner.rb                                                            42  Runner                                                Class                                                 new                            1
runner.rb                                                            42  Hash                                                                                                                                       1
runner.rb                                                            42  String                                                                                                                                     1
<PWD>/helpers/reader.rb                                              21  String                                                String                                                strip                      65920
<PWD>/helpers/reader.rb                                              20  Array                                                 Array                                                 map                            1
<PWD>/crawler.rb                                                    143  String                                                YelpSync                                              run                            4
<PWD>/crawler.rb                                                    141  Array                                                 YelpSync                                              run                            2
<PWD>/crawler.rb                                                    141  String                                                                                                      basename                       2
<PWD>/crawler.rb                                                    141  String                                                YelpSync                                              run                            4
<GEM:typhoeus-0.6.6>/lib/typhoeus/hydra/queueable.rb                 17  Array                                                 Typhoeus::Hydra::Queueable                            queued_requests                1
<GEM:typhoeus-0.6.6>/lib/typhoeus/request/callbacks.rb               41  Array                                                 Typhoeus::Request::Callbacks::Types                   on_complete                    2
<PWD>/crawler.rb                                                     76  Proc                                                  YelpSync                                              queue                          2
<PWD>/crawler.rb                                                     76  RubyVM::Env                                           YelpSync                                              queue                          2
<GEM:typhoeus-0.6.6>/lib/typhoeus/request.rb                        191  Hash                                                  Hash                                                  merge                          2
<GEM:typhoeus-0.6.6>/lib/typhoeus/request.rb                        191  Hash                                                  Typhoeus::Request                                     set_defaults                   2
<GEM:typhoeus-0.6.6>/lib/typhoeus/request.rb                        113  Hash                                                                                                        dup                            2
<PWD>/crawler.rb                                                     44  Typhoeus::Request                                     Class                                                 new                            2
<PWD>/crawler.rb                                                     45  Hash                                                  YelpSync                                              request                        2
<PWD>/crawler.rb                                                     46  Hash                                                  YelpSync                                              request                        2
runner.rb                                                            25  Array                                                 Array                                                 []                             2
runner.rb                                                            25  Range                                                 Runner                                                run_in_batches                 2
runner.rb                                                            23  String                                                IO                                                    write                          2
runner.rb                                                            23  String                                                Runner                                                run_in_batches                 2
runner.rb                                                            23  String                                                                                                      to_s                           2
runner.rb                                                            13  Array                                                 Array                                                 []                             1
<GEM:ethon-0.6.1>/lib/ethon/multi/operations.rb                     139  FFI::MemoryPointer                                    Class                                                 new                        25620
<GEM:ethon-0.6.1>/lib/ethon/multi/operations.rb                     159  FFI::MemoryPointer                                    Class                                                 new                        25620
<GEM:ethon-0.6.1>/lib/ethon/multi/operations.rb                     141  Array                                                 FFI::Struct                                           initialize                 25622
<GEM:ethon-0.6.1>/lib/ethon/multi/operations.rb                     141  Ethon::Curl::Msg                                      FFI::StructByReference                                from_native                25622
<GEM:ffi-1.9.3>/lib/ffi/autopointer.rb                               90  Array                                                                                                       define_finalizer               7
<GEM:ffi-1.9.3>/lib/ffi/autopointer.rb                               83  FFI::AutoPointer::CallableReleaser                    Class                                                 new                            7
<GEM:ethon-0.6.1>/lib/ethon/multi/operations.rb                      16  FFI::AutoPointer                                      Class                                                 new                            1
<GEM:ethon-0.6.1>/lib/ethon/multi/operations.rb                      16  Method                                                                                                      method                         1
<GEM:ethon-0.6.1>/lib/ethon/multi/operations.rb                      16  FFI::Pointer                                                                                                multi_init                     1
<GEM:ethon-0.6.1>/lib/ethon/multi/stack.rb                           14  Array                                                 Ethon::Multi::Stack                                   easy_handles                   1
<GEM:ethon-0.6.1>/lib/ethon/easy/response_callbacks.rb               32  Array                                                 Ethon::Easy::ResponseCallbacks                        on_complete                    6
<GEM:typhoeus-0.6.6>/lib/typhoeus/easy_factory.rb                    88  Proc                                                  Typhoeus::EasyFactory                                 set_callback                   6
<GEM:typhoeus-0.6.6>/lib/typhoeus/easy_factory.rb                    88  RubyVM::Env                                           Typhoeus::EasyFactory                                 set_callback                   6
<GEM:ethon-0.6.1>/lib/ethon/curls/options.rb                         79  String                                                Ethon::Curls::Options                                 set_option                    48
<GEM:ethon-0.6.1>/lib/ethon/curls/options.rb                         79  String                                                                                                      to_s                          96
<GEM:ethon-0.6.1>/lib/ethon/curls/options.rb                         11  String                                                Ethon::Curls::Options                                 set_option                    48
<GEM:ethon-0.6.1>/lib/ethon/curls/options.rb                         11  String                                                String                                                downcase                      48
<GEM:ethon-0.6.1>/lib/ethon/curls/options.rb                         11  String                                                                                                      to_s                          48
<GEM:ethon-0.6.1>/lib/ethon/curls/options.rb                         10  String                                                Ethon::Curls::Options                                 set_option                    48
<GEM:ethon-0.6.1>/lib/ethon/curls/options.rb                         10  String                                                String                                                downcase                      48
<GEM:ethon-0.6.1>/lib/ethon/curls/options.rb                         10  String                                                                                                      to_s                          48
<GEM:ethon-0.6.1>/lib/ethon/easy.rb                                 234  String                                                Ethon::Easy                                           set_attributes                24
<GEM:ethon-0.6.1>/lib/ethon/easy.rb                                 234  String                                                                                                      to_s                          24
<GEM:ethon-0.6.1>/lib/ethon/easy/header.rb                           31  FFI::AutoPointer                                      Class                                                 new                            6
<GEM:ethon-0.6.1>/lib/ethon/easy/header.rb                           31  Method                                                                                                      method                         6
<GEM:ethon-0.6.1>/lib/ethon/easy/header.rb                           27  FFI::Pointer                                                                                                slist_append                   6
<GEM:ethon-0.6.1>/lib/ethon/easy/util.rb                             20  String                                                                                                      chr                            6
<GEM:ethon-0.6.1>/lib/ethon/easy/header.rb                           56  String                                                Ethon::Easy::Header                                   compose_header                 6
<GEM:ethon-0.6.1>/lib/ethon/curls/options.rb                         76  Bignum                                                                                                      <                              6
<GEM:ethon-0.6.1>/lib/ethon/curls/options.rb                         76  Bignum                                                                                                      <<                            12
<GEM:ethon-0.6.1>/lib/ethon/easy/form.rb                             26  Hash                                                  Ethon::Easy::Form                                     initialize                     6
<GEM:ethon-0.6.1>/lib/ethon/easy/http/actionable.rb                  62  Ethon::Easy::Form                                     Class                                                 new                            6
<GEM:ethon-0.6.1>/lib/ethon/easy/params.rb                           24  Hash                                                  Ethon::Easy::Params                                   initialize                     6
<GEM:ethon-0.6.1>/lib/ethon/easy/http/actionable.rb                  52  Ethon::Easy::Params                                   Class                                                 new                            6
<GEM:ethon-0.6.1>/lib/ethon/easy/http/actionable.rb                  22  Hash                                                                                                        dup                            6
<GEM:ethon-0.6.1>/lib/ethon/easy/http.rb                             59  Ethon::Easy::Http::Get                                Class                                                 new                            6
<GEM:ethon-0.6.1>/lib/ethon/easy/http.rb                             56  String                                                String                                                capitalize                     6
<GEM:ethon-0.6.1>/lib/ethon/easy/http.rb                             56  String                                                                                                      to_s                           6
<GEM:typhoeus-0.6.6>/lib/typhoeus/easy_factory.rb                    99  Hash                                                                                                        core#hash_from_ary            24
<GEM:typhoeus-0.6.6>/lib/typhoeus/easy_factory.rb                    69  Array                                                 Typhoeus::EasyFactory                                 sanitize                      24
<GEM:typhoeus-0.6.6>/lib/typhoeus/easy_factory.rb                    67  Hash                                                  Typhoeus::EasyFactory                                 sanitize                       6
<GEM:typhoeus-0.6.6>/lib/typhoeus/hydra/addable.rb                   19  Typhoeus::EasyFactory                                 Class                                                 new                            2
<GEM:typhoeus-0.6.6>/lib/typhoeus/hydra/runnable.rb                  17  Array                                                 Array                                                 map                            2
<GEM:typhoeus-0.6.6>/lib/typhoeus/hydra/runnable.rb                  17  Array                                                 Array                                                 pop                            2
<PWD>/crawler.rb                                                    179  Array                                                 YelpSync                                              run_parallel_strategy          2
<PWD>/crawler.rb                                                    179  String                                                                                                      basename                       2
<PWD>/crawler.rb                                                    179  String                                                YelpSync                                              run_parallel_strategy          4
<PWD>/crawler.rb                                                    147  String                                                YelpSync                                              run                            2
<RUBYLIBDIR>/benchmark.rb                                           278  Time                                                                                                        now                            2
<RUBYLIBDIR>/benchmark.rb                                           278  Process::Tms                                                                                                times                          2
<RUBYLIBDIR>/benchmark.rb                                           277  String                                                Benchmark                                             measure                        2
<PWD>/crawler.rb                                                    144  Array                                                 YelpSync                                              run                            2
<PWD>/crawler.rb                                                    144  String                                                                                                      basename                       2
<PWD>/crawler.rb                                                    144  String                                                YelpSync                                              run                            4
<PWD>/crawler.rb                                                    143  Array                                                 YelpSync                                              run                            2
<PWD>/crawler.rb                                                    143  String                                                                                                      basename                       2
<GEM:ffi-1.9.3>/lib/ffi/pointer.rb                                   52  String                                                FFI::AbstractMemory                                   get_bytes                    175
<GEM:ethon-0.6.1>/lib/ethon/multi/operations.rb                     171  FFI::Pointer                                                                                                multi_perform                334
<GEM:typhoeus-0.6.6>/lib/typhoeus/request.rb                        127  Typhoeus::EasyFactory                                 Class                                                 new                            4
<PWD>/crawler.rb                                                    189  String                                                YelpSync                                              handle_response                2
<GEM:typhoeus-0.6.6>/lib/typhoeus/request/callbacks.rb               98  Array                                                 Array                                                 map                            2
<GEM:typhoeus-0.6.6>/lib/typhoeus/request/callbacks.rb               93  Array                                                 Typhoeus::Request::Callbacks                          execute_callbacks              4
<GEM:typhoeus-0.6.6>/lib/typhoeus/request/callbacks.rb               57  Array                                                 Typhoeus::Request::Callbacks::Types                   on_success                     2
<GEM:typhoeus-0.6.6>/lib/typhoeus/request/callbacks.rb               90  Array                                                 Typhoeus::Request::Callbacks                          execute_callbacks              2
<GEM:typhoeus-0.6.6>/lib/typhoeus/easy_factory.rb                    89  Typhoeus::Response                                    Class                                                 new                            2
<GEM:ethon-0.6.1>/lib/ethon/easy/mirror.rb                           21  Ethon::Easy::Mirror                                   Class                                                 new                            2
<GEM:ffi-1.9.3>/lib/ffi/pointer.rb                                   54  String                                                FFI::AbstractMemory                                   get_string                     4
<GEM:ethon-0.6.1>/lib/ethon/curls/infos.rb                          108  FFI::Pointer                                          FFI::AbstractMemory                                   read_pointer                   4
<GEM:ethon-0.6.1>/lib/ethon/easy/mirror.rb                            9  Array                                                                                                       informations_to_mirror         4
<GEM:ethon-0.6.1>/lib/ethon/easy/mirror.rb                            8  Array                                                 Hash                                                  keys                           2
<GEM:ethon-0.6.1>/lib/ethon/easy/mirror.rb                           17  Hash                                                                                                        from_easy                      2
<GEM:ethon-0.6.1>/lib/ethon/multi/operations.rb                     146  Proc                                                  Ethon::Multi::Operations                              check                          2
<GEM:ethon-0.6.1>/lib/ethon/multi/operations.rb                     146  RubyVM::Env                                           Ethon::Multi::Operations                              check                          2
<GEM:ffi-1.9.3>/lib/ffi/struct.rb                                    75  Array                                                 FFI::Struct                                           initialize                     2
<GEM:ffi-1.9.3>/lib/ffi/struct.rb                                    75  Ethon::Curl::MsgData                                  Class                                                 new                            2
<GEM:ffi-1.9.3>/lib/ffi/struct.rb                                    75  FFI::Pointer                                          FFI::Pointer                                          slice                          2
<GEM:ethon-0.6.1>/lib/ethon/multi/operations.rb                     144  FFI::Pointer                                          FFI::Struct                                           []                             2
<GEM:ethon-0.6.1>/lib/ethon/multi/operations.rb                     141  FFI::Pointer                                                                                                multi_info_read                2
<PWD>/crawler.rb                                                    111  MatchData                                             Regexp                                                match                          2
<GEM:ethon-0.6.1>/lib/ethon/easy/debug_info.rb                       22  Array                                                 Ethon::Easy::DebugInfo                                initialize                     6
<GEM:ethon-0.6.1>/lib/ethon/easy/callbacks.rb                        27  Ethon::Easy::DebugInfo                                Class                                                 new                            6
<GEM:ethon-0.6.1>/lib/ethon/easy/callbacks.rb                        26  String                                                Ethon::Easy::Callbacks                                set_callbacks                  6
<GEM:ethon-0.6.1>/lib/ethon/easy/callbacks.rb                        25  String                                                Ethon::Easy::Callbacks                                set_callbacks                  6
<PWD>/crawler.rb                                                    189  Array                                                 YelpSync                                              handle_response                2
<GEM:nokogiri-1.6.1>/lib/nokogiri/xml/sax/push_parser.rb             47  String                                                Nokogiri::HTML::SAX::PushParser                       native_write               22457
<GEM:nokogiri-1.6.1>/lib/nokogiri/html/document.rb                  147  String                                                Nokogiri::HTML::Document::EncodingReader::SAXHandler  start_element               5626
<GEM:nokogiri-1.6.1>/lib/nokogiri/xml/sax/push_parser.rb             47  Array                                                 Nokogiri::HTML::SAX::PushParser                       native_write                9440
<GEM:nokogiri-1.6.1>/lib/nokogiri/html/document.rb                  151  String                                                Nokogiri::HTML::Document::EncodingReader::SAXHandler  start_element                  4
<GEM:nokogiri-1.6.1>/lib/nokogiri/html/document.rb                  149  String                                                Nokogiri::HTML::Document::EncodingReader::SAXHandler  start_element                  4
<GEM:nokogiri-1.6.1>/lib/nokogiri/html/document.rb                  148  String                                                                                                      []                             8
<GEM:nokogiri-1.6.1>/lib/nokogiri/html/document.rb                  148  Hash                                                                                                        []                             4
<GEM:nokogiri-1.6.1>/lib/nokogiri/html/sax/push_parser.rb             8  Nokogiri::HTML::SAX::Parser                           Class                                                 new                            2
<GEM:nokogiri-1.6.1>/lib/nokogiri/html/sax/push_parser.rb             5  String                                                Nokogiri::HTML::SAX::PushParser                       initialize                     2
<GEM:nokogiri-1.6.1>/lib/nokogiri/html/document.rb                  188  Nokogiri::HTML::SAX::PushParser                       Class                                                 new                            2
<GEM:nokogiri-1.6.1>/lib/nokogiri/html/document.rb                  187  Nokogiri::HTML::Document::EncodingReader::SAXHandler  Class                                                 new                            2
<GEM:nokogiri-1.6.1>/lib/nokogiri/version.rb                          7  String                                                Nokogiri::VersionInfo                                 jruby?                         4
<GEM:nokogiri-1.6.1>/lib/nokogiri/html/document.rb                   90  String                                                                                                      parse                          2
<GEM:nokogiri-1.6.1>/lib/nokogiri/html/document.rb                   90  String                                                Encoding                                              name                           2
<GEM:nokogiri-1.6.1>/lib/nokogiri/html/document.rb                   85  Nokogiri::XML::ParseOptions                           Class                                                 new                            2
<PWD>/crawler.rb                                                     55  Array                                                 Hash                                                  each                           6
<PWD>/crawler.rb                                                     55  Array                                                                                                       map                            2
<RUBYLIBDIR>/cgi/core.rb                                            385  Array                                                                                                       parse                          2
<RUBYLIBDIR>/cgi/core.rb                                            381  String                                                                                                      parse                          6
<RUBYLIBDIR>/cgi/core.rb                                            381  Array                                                                                                       parse                          6
<RUBYLIBDIR>/cgi/util.rb                                             18  String                                                String                                                gsub                          12
<RUBYLIBDIR>/cgi/util.rb                                             18  String                                                String                                                b                             12
<RUBYLIBDIR>/cgi/util.rb                                             18  String                                                String                                                tr                            12
<RUBYLIBDIR>/cgi/util.rb                                             18  String                                                CGI::Util                                             unescape                      24
<RUBYLIBDIR>/cgi/core.rb                                            377  Array                                                 Array                                                 collect                        6
<RUBYLIBDIR>/cgi/core.rb                                            377  String                                                String                                                split                         12
<RUBYLIBDIR>/cgi/core.rb                                            377  Array                                                 String                                                split                          6
<RUBYLIBDIR>/cgi/core.rb                                            377  String                                                                                                      parse                          6
<RUBYLIBDIR>/cgi/core.rb                                            376  String                                                String                                                split                         10
<RUBYLIBDIR>/cgi/core.rb                                            376  MatchData                                             String                                                split                          2
<RUBYLIBDIR>/cgi/core.rb                                            376  Array                                                 String                                                split                          2
<RUBYLIBDIR>/cgi/core.rb                                            375  Hash                                                                                                        parse                          2
<RUBYLIBDIR>/uri/generic.rb                                         530  Array                                                 URI::Generic                                          set_userinfo                   2
<RUBYLIBDIR>/uri/generic.rb                                         557  Array                                                 URI::Generic                                          split_userinfo                 2
<RUBYLIBDIR>/uri/generic.rb                                         343  String                                                String                                                downcase                       2
<RUBYLIBDIR>/uri/common.rb                                          214  Array                                                 Class                                                 new                            2
<RUBYLIBDIR>/uri/common.rb                                          214  URI::HTTP                                             Class                                                 new                            2
<RUBYLIBDIR>/uri/common.rb                                          214  String                                                String                                                upcase                         2
<RUBYLIBDIR>/uri/common.rb                                          213  String                                                String                                                upcase                         2
<RUBYLIBDIR>/uri/common.rb                                          181  Array                                                 URI::Parser                                           split                          2
<RUBYLIBDIR>/uri/common.rb                                          127  Array                                                 MatchData                                             []                             4
<RUBYLIBDIR>/uri/common.rb                                          127  String                                                MatchData                                             []                            10
<RUBYLIBDIR>/uri/common.rb                                          125  MatchData                                             Regexp                                                ===                            2
<PWD>/crawler.rb                                                     53  Hash                                                  YelpSync                                              get_params                     2
<PWD>/crawler.rb                                                    111  String                                                Regexp                                                match                          2
<GEM:nokogiri-1.6.1>/lib/nokogiri/html/document.rb                  124  String                                                                                                      read_memory                  204
<GEM:nokogiri-1.6.1>/lib/nokogiri/html/document.rb                  124  Nokogiri::XML::SyntaxError                                                                                  read_memory                  202
<GEM:nokogiri-1.6.1>/lib/nokogiri/html/document.rb                  124  Array                                                                                                       read_memory                    6
<GEM:nokogiri-1.6.1>/lib/nokogiri/xml/sax/push_parser.rb             47  Thread::Backtrace                                     Nokogiri::HTML::SAX::PushParser                       native_write                   2
<GEM:nokogiri-1.6.1>/lib/nokogiri/xml/sax/push_parser.rb             47  Nokogiri::XML::SyntaxError                            Nokogiri::HTML::SAX::PushParser                       native_write                   2
<GEM:nokogiri-1.6.1>/lib/nokogiri/xml/node.rb                       212  Array                                                 Array                                                 uniq                        1606
<GEM:nokogiri-1.6.1>/lib/nokogiri/xml/node.rb                       212  Array                                                 Array                                                 flatten                     1606
<GEM:nokogiri-1.6.1>/lib/nokogiri/css/parser_extras.rb               71  String                                                Nokogiri::CSS::Parser                                 xpath_for                   1606
<GEM:nokogiri-1.6.1>/lib/nokogiri/css/parser_extras.rb               71  String                                                Hash                                                  inspect                     1606
<GEM:nokogiri-1.6.1>/lib/nokogiri/css/parser_extras.rb               55  Nokogiri::CSS::Tokenizer                              Class                                                 new                         1606
<GEM:nokogiri-1.6.1>/lib/nokogiri/css.rb                             23  Nokogiri::CSS::Parser                                 Class                                                 new                         1606
<GEM:nokogiri-1.6.1>/lib/nokogiri/xml/node.rb                       211  Hash                                                  Nokogiri::XML::Node                                   css                         1606
<GEM:nokogiri-1.6.1>/lib/nokogiri/xml/node.rb                       210  Array                                                 Array                                                 map                         1606
<GEM:nokogiri-1.6.1>/lib/nokogiri/xml/node.rb                       208  String                                                Nokogiri::XML::Node                                   css                         1606
<GEM:nokogiri-1.6.1>/lib/nokogiri/xml/node.rb                       940  String                                                Nokogiri::XML::Node                                   implied_xpath_context       1604
<GEM:nokogiri-1.6.1>/lib/nokogiri/xml/node.rb                       916  Array                                                 Nokogiri::XML::Node                                   extract_params              3212
<GEM:nokogiri-1.6.1>/lib/nokogiri/xml/node.rb                       546  Hash                                                                                                        []                          1606
<GEM:nokogiri-1.6.1>/lib/nokogiri/xml/node.rb                       546  Array                                                 Array                                                 map                         1606
<GEM:nokogiri-1.6.1>/lib/nokogiri/xml/node.rb                       546  Array                                                 Nokogiri::XML::Node                                   namespace_scopes            1606
<GEM:nokogiri-1.6.1>/lib/nokogiri/xml/node.rb                       912  Array                                                 Array                                                 reverse                     3212
<GEM:nokogiri-1.6.1>/lib/nokogiri/xml/node.rb                       906  Array                                                 Nokogiri::XML::Node                                   extract_params              3212
<GEM:nokogiri-1.6.1>/lib/nokogiri/xml/node.rb                       901  Array                                                 Nokogiri::XML::Node                                   extract_params              4818
<PWD>/crawler.rb                                                    231  Array                                                 YelpSync                                              parse                        401
<PWD>/crawler.rb                                                    231  String                                                YelpSync                                              parse                       2268
<PWD>/crawler.rb                                                    229  Hash                                                  YelpSync                                              parse                        401
<GEM:nokogiri-1.6.1>/lib/nokogiri/xml/node_set.rb                   237  Nokogiri::XML::Element                                Nokogiri::XML::NodeSet                                []                          3070
<PWD>/crawler.rb                                                    228  Proc                                                  YelpSync                                              parse                          2
<PWD>/crawler.rb                                                    228  RubyVM::Env                                           YelpSync                                              parse                          2
<GEM:nokogiri-1.6.1>/lib/nokogiri/xml/node.rb                       159  Nokogiri::XML::NodeSet                                Nokogiri::XML::XPathContext                           evaluate                    1606
<GEM:nokogiri-1.6.1>/lib/nokogiri/xml/node.rb                       151  Nokogiri::XML::XPathContext                                                                                 new                         1606
<GEM:nokogiri-1.6.1>/lib/nokogiri/xml/node.rb                       150  Array                                                 Array                                                 map                         1606
<GEM:nokogiri-1.6.1>/lib/nokogiri/xml/node.rb                       214  Array                                                 Nokogiri::XML::Node                                   css                         1606
<GEM:nokogiri-1.6.1>/lib/nokogiri/xml/node.rb                       212  Array                                                 Nokogiri::XML::Node                                   css                         3212
<GEM:nokogiri-1.6.1>/lib/nokogiri/xml/node.rb                       212  Array                                                 Array                                                 compact                     1606
<GEM:nokogiri-1.6.1>/lib/nokogiri/xml/document.rb                   271  String                                                Nokogiri::XML::Document                               implied_xpath_context          2
<GEM:nokogiri-1.6.1>/lib/nokogiri/xml/node.rb                       914  Nokogiri::XML::Element                                Nokogiri::XML::Document                               root                           2
<PWD>/crawler.rb                                                    228  Array                                                 YelpSync                                              parse                          2
<PWD>/crawler.rb                                                    228  String                                                YelpSync                                              parse                          2
<PWD>/crawler.rb                                                    226  Array                                                 YelpSync                                              parse                          2
<PWD>/crawler.rb                                                    224  Array                                                 YelpSync                                              parse                          2
<PWD>/crawler.rb                                                    224  String                                                                                                      basename                       2
<PWD>/crawler.rb                                                    224  String                                                YelpSync                                              parse                          4
<PWD>/crawler.rb                                                    249  Array                                                 YelpSync                                              dom                            2
<PWD>/crawler.rb                                                    249  String                                                YelpSync                                              dom                            2
<GEM:nokogiri-1.6.1>/lib/nokogiri/xml/document.rb                    68  Array                                                 Nokogiri::XML::Document                               initialize                     2
<GEM:nokogiri-1.6.1>/lib/nokogiri/html/document.rb                  124  Nokogiri::HTML::Document                                                                                    read_memory                    2
<GEM:nokogiri-1.6.1>/lib/nokogiri/xml/node.rb                       949  Array                                                                                                       find_all                    1867
<GEM:nokogiri-1.6.1>/lib/nokogiri/xml/node.rb                       949  Array                                                 Nokogiri::XML::Node                                   attribute_nodes             1867
<GEM:nokogiri-1.6.1>/lib/nokogiri/xml/node.rb                       948  Nokogiri::XML::Text                                   Nokogiri::XML::Node                                   add_child_node              1867
<GEM:nokogiri-1.6.1>/lib/nokogiri/xml/node_set.rb                   237  Nokogiri::XML::Text                                   Nokogiri::XML::NodeSet                                []                          1867
<GEM:nokogiri-1.6.1>/lib/nokogiri/html/document_fragment.rb          23  Proc                                                  Nokogiri::HTML::DocumentFragment                      initialize                  1867
<GEM:nokogiri-1.6.1>/lib/nokogiri/html/document_fragment.rb          23  RubyVM::Env                                           Nokogiri::HTML::DocumentFragment                      initialize                  1867
<GEM:nokogiri-1.6.1>/lib/nokogiri/html/document_fragment.rb          23  Nokogiri::XML::NodeSet                                Nokogiri::XML::Node                                   children                    1867
<GEM:nokogiri-1.6.1>/lib/nokogiri/xml/node_set.rb                    24  Nokogiri::XML::Element                                Nokogiri::XML::NodeSet                                []                          1867
<GEM:nokogiri-1.6.1>/lib/nokogiri/xml/node.rb                       510  Nokogiri::XML::NodeSet                                Nokogiri::XML::Node                                   in_context                  1867
<GEM:nokogiri-1.6.1>/lib/nokogiri/xml/node.rb                       496  Nokogiri::XML::ParseOptions                           Class                                                 new                         1867
<GEM:nokogiri-1.6.1>/lib/nokogiri/html/document_fragment.rb          22  String                                                Nokogiri::HTML::DocumentFragment                      initialize                  1867
<GEM:nokogiri-1.6.1>/lib/nokogiri/html/document_fragment.rb          21  Array                                                                                                       dup                         1867
<GEM:nokogiri-1.6.1>/lib/nokogiri/xml/node.rb                       486  Nokogiri::HTML::DocumentFragment                                                                            new                         1867
<GEM:nokogiri-1.6.1>/lib/nokogiri/xml/node.rb                       486  Array                                                                                                       new                         1867
<GEM:nokogiri-1.6.1>/lib/nokogiri/xml/node.rb                       876  Nokogiri::XML::Text                                   Nokogiri::XML::Node                                   add_previous_sibling_node   1867
<GEM:nokogiri-1.6.1>/lib/nokogiri/xml/node.rb                       393  Proc                                                  Nokogiri::XML::Node                                   replace                     1867
<GEM:nokogiri-1.6.1>/lib/nokogiri/xml/node.rb                       393  RubyVM::Env                                           Nokogiri::XML::Node                                   replace                     1867
<GEM:nokogiri-1.6.1>/lib/nokogiri/xml/node.rb                       926  Nokogiri::XML::NodeSet                                Nokogiri::XML::Node                                   children                    1867
<GEM:nokogiri-1.6.1>/lib/nokogiri/html/document_fragment.rb          37  Nokogiri::XML::NodeSet                                Nokogiri::XML::Node                                   children                    1867
<GEM:nokogiri-1.6.1>/lib/nokogiri/html/document_fragment.rb          24  Array                                                 Array                                                 -                           1867
<GEM:nokogiri-1.6.1>/lib/nokogiri/xml/node.rb                       299  Nokogiri::XML::Element                                Nokogiri::XML::Node                                   parent                       401
<PWD>/crawler.rb                                                    231  Proc                                                  YelpSync                                              parse                        401
<PWD>/crawler.rb                                                    231  RubyVM::Env                                           YelpSync                                              parse                        401
<GEM:nokogiri-1.6.1>/lib/nokogiri/xml/node_set.rb                   244  RubyVM::Env                                                                                                 collect                     2406
<GEM:nokogiri-1.6.1>/lib/nokogiri/xml/node_set.rb                   244  Array                                                                                                       collect                     1203
<PWD>/crawler.rb                                                    237  String                                                String                                                strip                        401
<GEM:nokogiri-1.6.1>/lib/nokogiri/xml/node_set.rb                   244  String                                                Array                                                 join                        1203
<GEM:nokogiri-1.6.1>/lib/nokogiri/xml/node_set.rb                   244  String                                                Nokogiri::XML::NodeSet                                inner_text                  1203
<GEM:nokogiri-1.6.1>/lib/nokogiri/xml/node_set.rb                   244  String                                                Nokogiri::XML::Node                                   content                     1203
<GEM:nokogiri-1.6.1>/lib/nokogiri/xml/node_set.rb                   244  Proc                                                                                                        collect                     2406
<PWD>/crawler.rb                                                    237  Array                                                 YelpSync                                              parse                        401
<PWD>/crawler.rb                                                    237  String                                                YelpSync                                              parse                        401
<PWD>/crawler.rb                                                    236  Array                                                 YelpSync                                              parse                        401
<PWD>/crawler.rb                                                    236  String                                                MatchData                                             to_a                        1592
<PWD>/crawler.rb                                                    236  Array                                                 MatchData                                             to_a                         401
<PWD>/crawler.rb                                                    236  String                                                Regexp                                                match                        401
<PWD>/crawler.rb                                                    233  Array                                                 YelpSync                                              parse                        401
<PWD>/crawler.rb                                                    234  MatchData                                             String                                                sub                          401
<PWD>/crawler.rb                                                    233  String                                                YelpSync                                              parse                        401
<PWD>/crawler.rb                                                    234  String                                                String                                                sub                         2394
<PWD>/crawler.rb                                                    234  Regexp                                                String                                                sub                          397
<PWD>/crawler.rb                                                    234  String                                                YelpSync                                              parse                        802
<PWD>/crawler.rb                                                    234  Array                                                 YelpSync                                              parse                        401
<RUBYLIBDIR>/csv.rb                                                2253  Regexp                                                Class                                                 new                            8
<RUBYLIBDIR>/csv.rb                                                2261  String                                                Array                                                 join                          12
<RUBYLIBDIR>/csv.rb                                                2261  String                                                CSV                                                   encode_str                    12
<RUBYLIBDIR>/csv.rb                                                2261  String                                                String                                                encode                        34
<RUBYLIBDIR>/csv.rb                                                2261  String                                                Encoding                                              name                          34
<RUBYLIBDIR>/csv.rb                                                2261  Array                                                 Array                                                 map                           12
<RUBYLIBDIR>/csv.rb                                                2253  Array                                                 CSV                                                   encode_re                      8
<RUBYLIBDIR>/csv.rb                                                2062  Array                                                 CSV                                                   init_parsers                   2
<RUBYLIBDIR>/csv.rb                                                2063  String                                                CSV                                                   init_parsers                   4
<RUBYLIBDIR>/csv.rb                                                2062  String                                                CSV                                                   init_parsers                   4
<RUBYLIBDIR>/csv.rb                                                2253  String                                                Regexp                                                initialize                    16
<RUBYLIBDIR>/csv.rb                                                2061  Array                                                 CSV                                                   init_parsers                   2
<RUBYLIBDIR>/csv.rb                                                2061  String                                                CSV                                                   init_parsers                   2
<RUBYLIBDIR>/csv.rb                                                2060  Array                                                 CSV                                                   init_parsers                   2
<RUBYLIBDIR>/csv.rb                                                2060  String                                                CSV                                                   init_parsers                   4
<RUBYLIBDIR>/csv.rb                                                2245  String                                                String                                                gsub                           4
<RUBYLIBDIR>/csv.rb                                                2032  Proc                                                                                                        lambda                         2
<RUBYLIBDIR>/csv.rb                                                2028  Array                                                 CSV                                                   init_separators                2
<RUBYLIBDIR>/csv.rb                                                2028  String                                                CSV                                                   init_separators                2
<RUBYLIBDIR>/csv.rb                                                2021  Proc                                                                                                        lambda                         2
<RUBYLIBDIR>/csv.rb                                                2021  RubyVM::Env                                                                                                 lambda                         2
<RUBYLIBDIR>/csv.rb                                                2017  String                                                String                                                encode                         2
<RUBYLIBDIR>/csv.rb                                                1966  Array                                                 CSV                                                   init_separators                2
<RUBYLIBDIR>/csv.rb                                                1955  String                                                String                                                encode                         2
<RUBYLIBDIR>/csv.rb                                                1953  String                                                String                                                encode                         2
<RUBYLIBDIR>/csv.rb                                                1510  String                                                CSV                                                   initialize                    12
<RUBYLIBDIR>/csv.rb                                                1510  Regexp                                                CSV                                                   initialize                     2
<RUBYLIBDIR>/csv.rb                                                1510  String                                                String                                                encode                         2
<RUBYLIBDIR>/csv.rb                                                1509  String                                                String                                                encode                         2
<RUBYLIBDIR>/csv.rb                                                1509  String                                                CSV                                                   initialize                     2
<RUBYLIBDIR>/csv.rb                                                1491  StringIO                                              Class                                                 new                            2
<RUBYLIBDIR>/csv.rb                                                1488  Hash                                                  Hash                                                  merge                          2
<RUBYLIBDIR>/csv.rb                                                1486  Hash                                                  Class                                                 new                            2
<RUBYLIBDIR>/csv.rb                                                1156  CSV                                                   Class                                                 new                            2
<RUBYLIBDIR>/csv.rb                                                1152  String                                                                                                      generate                       2
<PWD>/helpers/writer.rb                                              46  Array                                                 Writer                                                write_hashes                   2
<PWD>/helpers/writer.rb                                              14  String                                                File                                                  initialize                     2
<PWD>/helpers/writer.rb                                              14  File                                                                                                        open                           2
<PWD>/helpers/writer.rb                                              13  Array                                                 Writer                                                open                           2
<PWD>/helpers/writer.rb                                              13  String                                                                                                      basename                       2
<PWD>/helpers/writer.rb                                              13  String                                                Writer                                                open                           4
<RUBYLIBDIR>/csv.rb                                                2025  String                                                CSV                                                   init_separators              633
<RUBYLIBDIR>/csv.rb                                                2025  String                                                String                                                gsub                        1840
<RUBYLIBDIR>/csv.rb                                                2025  String                                                String                                                *                            633
<RUBYLIBDIR>/csv.rb                                                2023  String                                                String                                                encode                       633
<RUBYLIBDIR>/csv.rb                                                1657  Array                                                 Array                                                 map                          401
<PWD>/helpers/writer.rb                                              49  Array                                                 Hash                                                  values                       401
<RUBYLIBDIR>/csv.rb                                                1664  String                                                StringIO                                              write                        802
<RUBYLIBDIR>/csv.rb                                                1657  String                                                CSV                                                   <<                           401
<RUBYLIBDIR>/csv.rb                                                1657  String                                                Array                                                 join                         401
<RUBYLIBDIR>/csv.rb                                                2026  String                                                CSV                                                   init_separators              633
<RUBYLIBDIR>/csv.rb                                                2025  Regexp                                                String                                                gsub                           2
<RUBYLIBDIR>/csv.rb                                                2089  Method                                                                                                      method                         4
<RUBYLIBDIR>/csv.rb                                                2089  String                                                String                                                sub                            8
<RUBYLIBDIR>/csv.rb                                                2089  MatchData                                             String                                                sub                            4
<RUBYLIBDIR>/csv.rb                                                2089  String                                                CSV                                                   init_converters                4
<RUBYLIBDIR>/csv.rb                                                2089  String                                                                                                      to_s                           4
<RUBYLIBDIR>/csv.rb                                                2086  Array                                                 Class                                                 new                            4
<RUBYLIBDIR>/csv.rb                                                2086  String                                                CSV                                                   init_converters                4
<RUBYLIBDIR>/csv.rb                                                2086  String                                                                                                      to_s                           4
<RUBYLIBDIR>/csv.rb                                                2060  Hash                                                  CSV                                                   init_parsers                   2
<RUBYLIBDIR>/csv.rb                                                2067  Array                                                 CSV                                                   init_parsers                   2
<RUBYLIBDIR>/csv.rb                                                2067  String                                                CSV                                                   init_parsers                   2
<RUBYLIBDIR>/csv.rb                                                2065  Array                                                 CSV                                                   init_parsers                   2
<RUBYLIBDIR>/csv.rb                                                2065  String                                                CSV                                                   init_parsers                   2
<RUBYLIBDIR>/csv.rb                                                2034  String                                                CSV                                                   init_separators               12
<PWD>/helpers/writer.rb                                              53  String                                                IO                                                    write                          2
<RUBYLIBDIR>/csv.rb                                                1158  Array                                                                                                       generate                       2
runner.rb                                                            30  String                                                IO                                                    write                          2
runner.rb                                                            30  String                                                Runner                                                run_in_batches                 2
runner.rb                                                            30  String                                                                                                      to_s                           2
<PWD>/crawler.rb                                                    155  Array                                                 YelpSync                                              run                            2
<PWD>/crawler.rb                                                    155  String                                                                                                      basename                       2
<PWD>/crawler.rb                                                    155  String                                                YelpSync                                              run                            4
<PWD>/crawler.rb                                                    146  String                                                IO                                                    write                          2
<RUBYLIBDIR>/benchmark.rb                                           492  MatchData                                             String                                                gsub!                          2
<RUBYLIBDIR>/benchmark.rb                                           492  String                                                String                                                %                              4
<RUBYLIBDIR>/benchmark.rb                                           492  String                                                Benchmark::Tms                                        format                         4
<RUBYLIBDIR>/benchmark.rb                                           492  String                                                String                                                gsub!                          6
<RUBYLIBDIR>/benchmark.rb                                           491  MatchData                                             String                                                gsub!                          4
<RUBYLIBDIR>/benchmark.rb                                           491  String                                                String                                                %                              4
<RUBYLIBDIR>/benchmark.rb                                           491  String                                                Benchmark::Tms                                        format                         4
<RUBYLIBDIR>/benchmark.rb                                           491  String                                                String                                                gsub!                          6
<RUBYLIBDIR>/benchmark.rb                                           488  MatchData                                             String                                                gsub!                          2
<RUBYLIBDIR>/benchmark.rb                                           488  String                                                String                                                %                              4
<RUBYLIBDIR>/benchmark.rb                                           488  String                                                Benchmark::Tms                                        format                         4
<RUBYLIBDIR>/benchmark.rb                                           488  String                                                String                                                gsub!                          6
<RUBYLIBDIR>/benchmark.rb                                           487  MatchData                                             String                                                gsub!                          4
<RUBYLIBDIR>/benchmark.rb                                           487  String                                                String                                                %                              4
<RUBYLIBDIR>/benchmark.rb                                           487  String                                                Benchmark::Tms                                        format                         4
<RUBYLIBDIR>/benchmark.rb                                           487  String                                                String                                                gsub!                          6
<RUBYLIBDIR>/benchmark.rb                                           485  String                                                                                                      dup                            2
<RUBYLIBDIR>/benchmark.rb                                           500  Array                                                 Benchmark::Tms                                        to_s                           2
<RUBYLIBDIR>/benchmark.rb                                           281  Benchmark::Tms                                        Class                                                 new                            2
<RUBYLIBDIR>/benchmark.rb                                           280  Time                                                                                                        now                            2
<RUBYLIBDIR>/benchmark.rb                                           280  Process::Tms                                                                                                times                          2
<GEM:typhoeus-0.6.6>/lib/typhoeus/hydra/memoizable.rb                21  Hash                                                  Typhoeus::Hydra::Memoizable                           memory                         1