                        sourcefile                                                  class                          count
-----------------------------------------------------------  ----------------------------------------------------  -----
<PWD>/helpers/reader.rb                                      String                                                98885
<PWD>/helpers/debug.rb                                       String                                                  290
<PWD>/helpers/reader.rb                                      Array                                                     3
<PWD>/crawler.rb                                             Hash                                                   1937
<GEM:ethon-0.6.1>/lib/ethon/multi/operations.rb              FFI::MemoryPointer                                    59726
<GEM:ethon-0.6.1>/lib/ethon/multi/operations.rb              Array                                                 29875
<GEM:ethon-0.6.1>/lib/ethon/multi/operations.rb              Ethon::Curl::FDSet                                        3
<GEM:ethon-0.6.1>/lib/ethon/multi/operations.rb              Ethon::Curl::Timeval                                      1
<GEM:ethon-0.6.1>/lib/ethon/curl.rb                          String                                                    1
<RUBYLIBDIR>/monitor.rb                                      Mutex                                                     1
<RUBYLIBDIR>/logger.rb                                       Array                                                     1
<RUBYLIBDIR>/logger.rb                                       Logger::LogDevice::LogDeviceMutex                         1
<RUBYLIBDIR>/logger.rb                                       Logger::LogDevice                                         1
<RUBYLIBDIR>/logger.rb                                       Hash                                                      1
<RUBYLIBDIR>/logger.rb                                       Logger::Formatter                                         1
<GEM:ethon-0.6.1>/lib/ethon/loggable.rb                      Logger                                                    1
<GEM:typhoeus-0.6.6>/lib/typhoeus/hydra.rb                   Ethon::Multi                                              1
<GEM:typhoeus-0.6.6>/lib/typhoeus/hydra.rb                   Hash                                                      1
<PWD>/crawler.rb                                             Typhoeus::Hydra                                           1
<PWD>/helpers/writer.rb                                      DebugHelper                                               1
<PWD>/crawler.rb                                             Writer                                                    1
<PWD>/crawler.rb                                             String                                                41223
<PWD>/helpers/reader.rb                                      DebugHelper                                               1
<PWD>/crawler.rb                                             Reader                                                    1
<PWD>/crawler.rb                                             DebugHelper                                               1
runner.rb                                                    YelpSync                                                  1
runner.rb                                                    Hash                                                      2
runner.rb                                                    Runner                                                    1
runner.rb                                                    String                                                    7
<PWD>/helpers/reader.rb                                      File                                                      1
<PWD>/crawler.rb                                             RubyVM::Env                                            1918
<GEM:typhoeus-0.6.6>/lib/typhoeus/request.rb                 Hash                                                     33
<PWD>/crawler.rb                                             Typhoeus::Request                                        11
<GEM:typhoeus-0.6.6>/lib/typhoeus/hydra/queueable.rb         Array                                                     1
<GEM:typhoeus-0.6.6>/lib/typhoeus/request/callbacks.rb       Array                                                    68
<PWD>/crawler.rb                                             Proc                                                   1918
runner.rb                                                    Array                                                     2
runner.rb                                                    Range                                                     1
<GEM:ffi-1.9.3>/lib/ffi/autopointer.rb                       FFI::AutoPointer::CallableReleaser                       46
<GEM:ethon-0.6.1>/lib/ethon/easy/header.rb                   FFI::AutoPointer                                         33
<GEM:ethon-0.6.1>/lib/ethon/easy/header.rb                   Method                                                   33
<GEM:ethon-0.6.1>/lib/ethon/curls/options.rb                 String                                                 2700
<GEM:ethon-0.6.1>/lib/ethon/easy/header.rb                   FFI::Pointer                                             33
<GEM:ethon-0.6.1>/lib/ethon/easy/util.rb                     String                                                   33
<GEM:ethon-0.6.1>/lib/ethon/easy/header.rb                   String                                                   33
<GEM:ethon-0.6.1>/lib/ethon/easy.rb                          String                                                  264
<GEM:ethon-0.6.1>/lib/ethon/curls/options.rb                 Bignum                                                   99
<GEM:ethon-0.6.1>/lib/ethon/easy/form.rb                     Hash                                                     33
<GEM:ethon-0.6.1>/lib/ethon/easy/http/actionable.rb          Ethon::Easy::Form                                        33
<GEM:ethon-0.6.1>/lib/ethon/easy/params.rb                   Hash                                                     33
<GEM:ethon-0.6.1>/lib/ethon/easy/http/actionable.rb          Ethon::Easy::Params                                      33
<GEM:ethon-0.6.1>/lib/ethon/easy/http/actionable.rb          Hash                                                     33
<GEM:ethon-0.6.1>/lib/ethon/easy/http.rb                     Ethon::Easy::Http::Get                                   33
<GEM:ethon-0.6.1>/lib/ethon/easy/http.rb                     String                                                   66
<GEM:typhoeus-0.6.6>/lib/typhoeus/easy_factory.rb            Hash                                                    165
<GEM:typhoeus-0.6.6>/lib/typhoeus/easy_factory.rb            Array                                                   132
<GEM:ethon-0.6.1>/lib/ethon/easy/debug_info.rb               Array                                                    45
<GEM:ethon-0.6.1>/lib/ethon/easy/callbacks.rb                Ethon::Easy::DebugInfo                                   45
<GEM:ethon-0.6.1>/lib/ethon/easy/callbacks.rb                String                                                   90
<GEM:ethon-0.6.1>/lib/ethon/curls/options.rb                 FFI::Function                                            36
<GEM:ethon-0.6.1>/lib/ethon/easy/callbacks.rb                Proc                                                     36
<GEM:ethon-0.6.1>/lib/ethon/easy/callbacks.rb                RubyVM::Env                                              36
<GEM:ffi-1.9.3>/lib/ffi/autopointer.rb                       Array                                                    46
<GEM:ethon-0.6.1>/lib/ethon/easy/operations.rb               FFI::AutoPointer                                         12
<GEM:ethon-0.6.1>/lib/ethon/easy/operations.rb               Method                                                   12
<GEM:ethon-0.6.1>/lib/ethon/easy/operations.rb               FFI::Pointer                                             12
<GEM:ethon-0.6.1>/lib/ethon/easy.rb                          Hash                                                     12
<GEM:typhoeus-0.6.6>/lib/typhoeus/pool.rb                    Ethon::Easy                                              12
<GEM:typhoeus-0.6.6>/lib/typhoeus/hydra/addable.rb           Typhoeus::EasyFactory                                    11
<GEM:ethon-0.6.1>/lib/ethon/multi/operations.rb              FFI::AutoPointer                                          1
<GEM:ethon-0.6.1>/lib/ethon/multi/operations.rb              Method                                                    1
<GEM:ethon-0.6.1>/lib/ethon/multi/operations.rb              FFI::Pointer                                           1149
<GEM:ethon-0.6.1>/lib/ethon/multi/stack.rb                   Array                                                     1
<GEM:ethon-0.6.1>/lib/ethon/easy/response_callbacks.rb       Array                                                    33
<GEM:typhoeus-0.6.6>/lib/typhoeus/easy_factory.rb            Proc                                                     33
<GEM:typhoeus-0.6.6>/lib/typhoeus/easy_factory.rb            RubyVM::Env                                              33
<GEM:ethon-0.6.1>/lib/ethon/curls/options.rb                 Hash                                                      1
<GEM:ethon-0.6.1>/lib/ethon/curls/options.rb                 Thread                                                    1
<GEM:typhoeus-0.6.6>/lib/typhoeus/pool.rb                    Array                                                     1
<GEM:typhoeus-0.6.6>/lib/typhoeus/expectation.rb             Array                                                     1
<GEM:typhoeus-0.6.6>/lib/typhoeus.rb                         Array                                                     1
<GEM:typhoeus-0.6.6>/lib/typhoeus/hydra/runnable.rb          Array                                                     2
<PWD>/crawler.rb                                             Array                                                 11480
<RUBYLIBDIR>/benchmark.rb                                    Time                                                      2
<RUBYLIBDIR>/benchmark.rb                                    Process::Tms                                              2
<RUBYLIBDIR>/benchmark.rb                                    String                                                   37
<GEM:ethon-0.6.1>/lib/ethon/multi/operations.rb              Ethon::Curl::Msg                                      29871
<GEM:ffi-1.9.3>/lib/ffi/pointer.rb                           String                                                  620
<GEM:typhoeus-0.6.6>/lib/typhoeus/request.rb                 Typhoeus::EasyFactory                                    22
<GEM:typhoeus-0.6.6>/lib/typhoeus/easy_factory.rb            Typhoeus::Response                                       11
<GEM:ethon-0.6.1>/lib/ethon/easy/mirror.rb                   Ethon::Easy::Mirror                                      11
<GEM:ethon-0.6.1>/lib/ethon/curls/infos.rb                   FFI::Pointer                                             22
<GEM:ethon-0.6.1>/lib/ethon/curls/infos.rb                   FFI::MemoryPointer                                        3
<GEM:ethon-0.6.1>/lib/ethon/easy/mirror.rb                   Array                                                    33
<GEM:ethon-0.6.1>/lib/ethon/easy/mirror.rb                   Hash                                                     11
<GEM:ethon-0.6.1>/lib/ethon/multi/operations.rb              Proc                                                     11
<GEM:ethon-0.6.1>/lib/ethon/multi/operations.rb              RubyVM::Env                                               9
<GEM:ffi-1.9.3>/lib/ffi/struct.rb                            Array                                                    11
<GEM:ffi-1.9.3>/lib/ffi/struct.rb                            Ethon::Curl::MsgData                                     11
<GEM:ffi-1.9.3>/lib/ffi/struct.rb                            FFI::Pointer                                             11
<GEM:nokogiri-1.6.1>/lib/nokogiri/xml/sax/push_parser.rb     String                                                106987
<GEM:nokogiri-1.6.1>/lib/nokogiri/xml/sax/push_parser.rb     Array                                                 44867
<GEM:nokogiri-1.6.1>/lib/nokogiri/html/document.rb           String                                                27801
<GEM:nokogiri-1.6.1>/lib/nokogiri/html/document.rb           Hash                                                     22
<GEM:nokogiri-1.6.1>/lib/nokogiri/html/sax/push_parser.rb    Nokogiri::HTML::SAX::Parser                              11
<GEM:nokogiri-1.6.1>/lib/nokogiri/html/sax/push_parser.rb    String                                                   11
<GEM:nokogiri-1.6.1>/lib/nokogiri/html/document.rb           Nokogiri::HTML::SAX::PushParser                          11
<GEM:nokogiri-1.6.1>/lib/nokogiri/html/document.rb           Nokogiri::HTML::Document::EncodingReader::SAXHandler     11
<GEM:nokogiri-1.6.1>/lib/nokogiri/version.rb                 String                                                   22
<GEM:nokogiri-1.6.1>/lib/nokogiri/html/document.rb           Nokogiri::XML::ParseOptions                              11
<RUBYLIBDIR>/cgi/core.rb                                     Array                                                   121
<RUBYLIBDIR>/cgi/core.rb                                     String                                                  188
<RUBYLIBDIR>/cgi/util.rb                                     String                                                  331
<RUBYLIBDIR>/cgi/core.rb                                     MatchData                                                11
<RUBYLIBDIR>/cgi/core.rb                                     Hash                                                     11
<RUBYLIBDIR>/uri/generic.rb                                  Array                                                    22
<RUBYLIBDIR>/uri/generic.rb                                  String                                                   11
<RUBYLIBDIR>/uri/common.rb                                   Array                                                    44
<RUBYLIBDIR>/uri/common.rb                                   URI::HTTP                                                11
<RUBYLIBDIR>/uri/common.rb                                   String                                                   78
<RUBYLIBDIR>/uri/common.rb                                   MatchData                                                11
<PWD>/crawler.rb                                             MatchData                                              1907
<GEM:nokogiri-1.6.1>/lib/nokogiri/css.rb                     Nokogiri::CSS::Parser                                  7595
<GEM:nokogiri-1.6.1>/lib/nokogiri/xml/node.rb                Hash                                                  15190
<GEM:nokogiri-1.6.1>/lib/nokogiri/xml/node.rb                Array                                                 170672
<GEM:nokogiri-1.6.1>/lib/nokogiri/xml/node.rb                String                                                15179
<GEM:nokogiri-1.6.1>/lib/nokogiri/xml/node_set.rb            Nokogiri::XML::Element                                23266
<GEM:nokogiri-1.6.1>/lib/nokogiri/xml/node.rb                Nokogiri::XML::NodeSet                                25173
<GEM:nokogiri-1.6.1>/lib/nokogiri/xml/node.rb                Nokogiri::XML::XPathContext                            7595
<GEM:nokogiri-1.6.1>/lib/nokogiri/css/parser_extras.rb       String                                                15195
<GEM:nokogiri-1.6.1>/lib/nokogiri/css/node.rb                String                                                   50
<GEM:nokogiri-1.6.1>/lib/nokogiri/css/xpath_visitor.rb       String                                                   24
<GEM:nokogiri-1.6.1>/lib/nokogiri/css/node.rb                Array                                                   301
<GEM:nokogiri-1.6.1>/lib/nokogiri/css/parser_extras.rb       Array                                                    10
<GEM:nokogiri-1.6.1>/lib/nokogiri/css/parser.rb              Array                                                    20
<RUBYLIBDIR>/racc/parser.rb                                  Array                                                    33
<GEM:nokogiri-1.6.1>/lib/nokogiri/css/parser.rb              Nokogiri::CSS::Node                                      15
<RUBYLIBDIR>/racc/parser.rb                                  String                                                    7
<GEM:nokogiri-1.6.1>/lib/nokogiri/css/tokenizer.rb           Array                                                    15
<GEM:nokogiri-1.6.1>/lib/nokogiri/css/tokenizer.rb           String                                                   71
<GEM:nokogiri-1.6.1>/lib/nokogiri/css/parser.rb              String                                                    6
<RUBYLIBDIR>/racc/parser.rb                                  Racc::CparseParams                                        5
<GEM:nokogiri-1.6.1>/lib/nokogiri/css/tokenizer.rb           StringScanner                                             5
<GEM:nokogiri-1.6.1>/lib/nokogiri/css/parser_extras.rb       Nokogiri::CSS::XPathVisitor                               5
<GEM:nokogiri-1.6.1>/lib/nokogiri/css/parser_extras.rb       Nokogiri::CSS::Tokenizer                               7595
<GEM:nokogiri-1.6.1>/lib/nokogiri/xml/document.rb            String                                                   11
<GEM:nokogiri-1.6.1>/lib/nokogiri/xml/node.rb                Nokogiri::XML::Element                                 1907
<GEM:nokogiri-1.6.1>/lib/nokogiri/xml/document.rb            Array                                                    11
<GEM:nokogiri-1.6.1>/lib/nokogiri/html/document.rb           Array                                                    33
<GEM:nokogiri-1.6.1>/lib/nokogiri/html/document.rb           Nokogiri::HTML::Document                                 11
<GEM:nokogiri-1.6.1>/lib/nokogiri/html/document.rb           Nokogiri::XML::SyntaxError                             1001
<GEM:nokogiri-1.6.1>/lib/nokogiri/xml/sax/push_parser.rb     Thread::Backtrace                                        11
<GEM:nokogiri-1.6.1>/lib/nokogiri/xml/sax/push_parser.rb     Nokogiri::XML::SyntaxError                               11
<GEM:nokogiri-1.6.1>/lib/nokogiri/xml/node_set.rb            String                                                17064
<GEM:nokogiri-1.6.1>/lib/nokogiri/xml/node_set.rb            Proc                                                  11376
<GEM:nokogiri-1.6.1>/lib/nokogiri/xml/node_set.rb            RubyVM::Env                                           11376
<GEM:nokogiri-1.6.1>/lib/nokogiri/xml/node_set.rb            Array                                                  5688
(eval)                                                       String                                                    2
<GEM:nokogiri-1.6.1>/lib/nokogiri/xml/node.rb                Nokogiri::XML::Text                                   17578
<GEM:nokogiri-1.6.1>/lib/nokogiri/xml/node.rb                Proc                                                   8789
<GEM:nokogiri-1.6.1>/lib/nokogiri/xml/node.rb                RubyVM::Env                                            8789
<GEM:nokogiri-1.6.1>/lib/nokogiri/html/document_fragment.rb  Nokogiri::XML::NodeSet                                17578
<GEM:nokogiri-1.6.1>/lib/nokogiri/html/document_fragment.rb  Array                                                 17578
<GEM:nokogiri-1.6.1>/lib/nokogiri/xml/node_set.rb            Nokogiri::XML::Text                                    8789
<GEM:nokogiri-1.6.1>/lib/nokogiri/html/document_fragment.rb  Proc                                                   8789
<GEM:nokogiri-1.6.1>/lib/nokogiri/html/document_fragment.rb  RubyVM::Env                                            8789
<GEM:nokogiri-1.6.1>/lib/nokogiri/xml/node.rb                Nokogiri::XML::ParseOptions                            8789
<GEM:nokogiri-1.6.1>/lib/nokogiri/html/document_fragment.rb  String                                                 8789
<GEM:nokogiri-1.6.1>/lib/nokogiri/xml/node.rb                Nokogiri::HTML::DocumentFragment                       8789
<GEM:nokogiri-1.6.1>/lib/nokogiri/html/document_fragment.rb  Hash                                                      1
<PWD>/crawler.rb                                             Regexp                                                 1874
<RUBYLIBDIR>/csv.rb                                          String                                                29533
<RUBYLIBDIR>/csv.rb                                          Array                                                  2116
<RUBYLIBDIR>/csv.rb                                          Regexp                                                   66
<RUBYLIBDIR>/csv.rb                                          Proc                                                     22
<RUBYLIBDIR>/csv.rb                                          RubyVM::Env                                              11
<RUBYLIBDIR>/csv.rb                                          StringIO                                                 11
<RUBYLIBDIR>/csv.rb                                          Hash                                                     33
<RUBYLIBDIR>/csv.rb                                          CSV                                                      11
<PWD>/helpers/writer.rb                                      Array                                                  1918
<PWD>/helpers/writer.rb                                      String                                                   55
<PWD>/helpers/writer.rb                                      File                                                     11
<RUBYLIBDIR>/csv.rb                                          Method                                                   22
<RUBYLIBDIR>/csv.rb                                          MatchData                                                22
<RUBYLIBDIR>/benchmark.rb                                    MatchData                                                 6
<RUBYLIBDIR>/benchmark.rb                                    Array                                                     1
<RUBYLIBDIR>/benchmark.rb                                    Benchmark::Tms                                            1
<GEM:typhoeus-0.6.6>/lib/typhoeus/hydra/memoizable.rb        Hash                                                      1