                      sourcefile                        sourceline                class                         method_id           memsize  count
------------------------------------------------------  ----------  ----------------------------------  --------------------------  -------  -----
<GEM:ethon-0.6.1>/lib/ethon/curls/options.rb                    79  String                              to_s                              0  160136
<GEM:ethon-0.6.1>/lib/ethon/curls/options.rb                    10  String                              downcase                          0  80068
<GEM:ethon-0.6.1>/lib/ethon/curls/options.rb                    10  String                              set_option                        0  80068
<GEM:ethon-0.6.1>/lib/ethon/curls/options.rb                    11  String                              to_s                              0  80068
<GEM:ethon-0.6.1>/lib/ethon/curls/options.rb                    11  String                              downcase                          0  80068
<GEM:ethon-0.6.1>/lib/ethon/curls/options.rb                    11  String                              set_option                        0  80068
<GEM:ethon-0.6.1>/lib/ethon/curls/options.rb                    10  String                              to_s                              0  80068
<GEM:ethon-0.6.1>/lib/ethon/curls/options.rb                    79  String                              set_option                        0  70047
<PWD>/helpers/reader.rb                                         21  String                              strip                            78  63136
<GEM:ethon-0.6.1>/lib/ethon/easy.rb                            234  String                              to_s                              0  40004
<GEM:ethon-0.6.1>/lib/ethon/easy.rb                            234  String                              set_attributes                    0  40004
<GEM:typhoeus-0.6.6>/lib/typhoeus/easy_factory.rb               99  Hash                                core#hash_from_ary              808  40004
<GEM:typhoeus-0.6.6>/lib/typhoeus/easy_factory.rb               69  Array                               sanitize                          0  40004
<PWD>/helpers/reader.rb                                         19  String                              readlines                         0  32960
<GEM:ethon-0.6.1>/lib/ethon/curls/infos.rb                     108  FFI::Pointer                        read_pointer                      0  20002
<PWD>/crawler.rb                                               201  String                              handle_response                   0  20002
<GEM:ethon-0.6.1>/lib/ethon/curls/options.rb                    76  Bignum                              <<                                0  20002
<GEM:typhoeus-0.6.6>/lib/typhoeus/request/callbacks.rb          95  Array                               execute_callbacks                 0  20002
<GEM:ethon-0.6.1>/lib/ethon/multi/operations.rb                141  Array                               initialize                        0  10502
<GEM:ethon-0.6.1>/lib/ethon/multi/operations.rb                141  Ethon::Curl::Msg                    from_native                       0  10502
<GEM:ffi-1.9.3>/lib/ffi/autopointer.rb                          83  FFI::AutoPointer::CallableReleaser  new                               0  10022
<GEM:ffi-1.9.3>/lib/ffi/autopointer.rb                          90  Array                               define_finalizer                  0  10022
<GEM:ethon-0.6.1>/lib/ethon/easy/callbacks.rb                   26  String                              set_callbacks                     0  10021
<GEM:ethon-0.6.1>/lib/ethon/easy/debug_info.rb                  22  Array                               initialize                        0  10021
<GEM:ethon-0.6.1>/lib/ethon/curls/options.rb                    79  String                              set_option                       49  10021
<GEM:ethon-0.6.1>/lib/ethon/easy/callbacks.rb                   25  String                              set_callbacks                     0  10021
<GEM:ethon-0.6.1>/lib/ethon/easy/callbacks.rb                   27  Ethon::Easy::DebugInfo              new                               0  10021
<GEM:typhoeus-0.6.6>/lib/typhoeus/request/callbacks.rb          73  Array                               on_failure                        0  10002
<GEM:typhoeus-0.6.6>/lib/typhoeus/request/callbacks.rb          41  Array                               on_complete                       0  10002
<GEM:ethon-0.6.1>/lib/ethon/easy/http/actionable.rb             62  Ethon::Easy::Form                   new                               0  10001
<GEM:typhoeus-0.6.6>/lib/typhoeus/easy_factory.rb               88  Proc                                set_callback                     72  10001
<GEM:ethon-0.6.1>/lib/ethon/easy/response_callbacks.rb          32  Array                               on_complete                       0  10001
<GEM:typhoeus-0.6.6>/lib/typhoeus/hydra/addable.rb              19  Typhoeus::EasyFactory               new                               0  10001
<GEM:ethon-0.6.1>/lib/ethon/easy/http.rb                        59  Ethon::Easy::Http::Get              new                              40  10001
<PWD>/crawler.rb                                               201  Array                               handle_response                   0  10001
<PWD>/crawler.rb                                               201  String                              basename                          0  10001
<GEM:typhoeus-0.6.6>/lib/typhoeus/response/status.rb            69  Array                               timed_out?                        0  10001
<GEM:typhoeus-0.6.6>/lib/typhoeus/request/callbacks.rb          98  Array                               map                               0  10001
<GEM:ethon-0.6.1>/lib/ethon/multi/operations.rb                141  FFI::Pointer                        multi_info_read                   0  10001
<GEM:ethon-0.6.1>/lib/ethon/easy/header.rb                      31  Method                              method                           48  10001
<GEM:typhoeus-0.6.6>/lib/typhoeus/easy_factory.rb               67  Hash                                sanitize                        192  10001
<GEM:ethon-0.6.1>/lib/ethon/easy/mirror.rb                       9  Array                               informations_to_mirror          120  10001
<GEM:ethon-0.6.1>/lib/ethon/easy/mirror.rb                       9  Array                               informations_to_mirror           32  10001
<GEM:ethon-0.6.1>/lib/ethon/easy/http.rb                        56  String                              to_s                              0  10001
<GEM:ethon-0.6.1>/lib/ethon/easy/http.rb                        56  String                              capitalize                        0  10001
<GEM:typhoeus-0.6.6>/lib/typhoeus/request/callbacks.rb          90  Array                               execute_callbacks                 0  10001
<GEM:ethon-0.6.1>/lib/ethon/easy/http/actionable.rb             22  Hash                                dup                             192  10001
<GEM:ethon-0.6.1>/lib/ethon/easy/http/actionable.rb             52  Ethon::Easy::Params                 new                               0  10001
<GEM:ethon-0.6.1>/lib/ethon/easy/params.rb                      24  Hash                                initialize                        0  10001
<GEM:typhoeus-0.6.6>/lib/typhoeus/easy_factory.rb               88  RubyVM::Env                         set_callback                     88  10001
<GEM:ethon-0.6.1>/lib/ethon/easy/form.rb                        26  Hash                                initialize                        0  10001
<GEM:ethon-0.6.1>/lib/ethon/easy/mirror.rb                      21  Ethon::Easy::Mirror                 new                               0  10001
<GEM:ethon-0.6.1>/lib/ethon/curls/options.rb                    76  Bignum                              <                                 0  10001
<GEM:ethon-0.6.1>/lib/ethon/easy/mirror.rb                       8  Array                               keys                             88  10001
<GEM:ethon-0.6.1>/lib/ethon/easy/mirror.rb                      17  Hash                                from_easy                       856  10001
<GEM:ethon-0.6.1>/lib/ethon/multi/operations.rb                146  Proc                                check                            72  10001
<GEM:ffi-1.9.3>/lib/ffi/struct.rb                               75  Array                               initialize                        0  10001
<GEM:ffi-1.9.3>/lib/ffi/struct.rb                               75  Ethon::Curl::MsgData                new                               0  10001
<GEM:ffi-1.9.3>/lib/ffi/struct.rb                               75  FFI::Pointer                        slice                             0  10001
<GEM:ffi-1.9.3>/lib/ffi/pointer.rb                              54  String                              get_string                        0  10001
<GEM:ethon-0.6.1>/lib/ethon/easy/header.rb                      31  FFI::AutoPointer                    new                             192  10001
<PWD>/crawler.rb                                                76  Proc                                queue                            72  10001
<PWD>/crawler.rb                                                76  RubyVM::Env                         queue                           104  10001
<GEM:typhoeus-0.6.6>/lib/typhoeus/request.rb                   191  Hash                                merge                           192  10001
<GEM:typhoeus-0.6.6>/lib/typhoeus/request.rb                   191  Hash                                set_defaults                    192  10001
<GEM:typhoeus-0.6.6>/lib/typhoeus/request.rb                   113  Hash                                dup                             192  10001
<PWD>/crawler.rb                                                44  Typhoeus::Request                   new                              56  10001
<PWD>/crawler.rb                                                45  Hash                                request                         192  10001
<PWD>/crawler.rb                                                46  Hash                                request                         192  10001
<GEM:ethon-0.6.1>/lib/ethon/easy/util.rb                        20  String                              chr                               0  10001
<GEM:ethon-0.6.1>/lib/ethon/easy/header.rb                      27  FFI::Pointer                        slist_append                      0  10001
<GEM:ethon-0.6.1>/lib/ethon/multi/operations.rb                144  FFI::Pointer                        []                                0  10001
<GEM:typhoeus-0.6.6>/lib/typhoeus/easy_factory.rb               89  Typhoeus::Response                  new                               0  10001
<GEM:ffi-1.9.3>/lib/ffi/pointer.rb                              54  String                              get_string                       77   9687
<GEM:ethon-0.6.1>/lib/ethon/easy/header.rb                      56  String                              compose_header                   99   6193
<GEM:ethon-0.6.1>/lib/ethon/easy/header.rb                      56  String                              compose_header                  199   3808
<PWD>/helpers/reader.rb                                         21  String                              strip                            79   2764
<GEM:ethon-0.6.1>/lib/ethon/multi/operations.rb                159  FFI::MemoryPointer                  new                               0    501
<GEM:ethon-0.6.1>/lib/ethon/multi/operations.rb                146  RubyVM::Env                         check                           112    501
<GEM:ethon-0.6.1>/lib/ethon/multi/operations.rb                139  FFI::MemoryPointer                  new                               0    501
<GEM:ffi-1.9.3>/lib/ffi/pointer.rb                              54  String                              get_string                       78    314
runner.rb                                                       23  String                              to_s                              0    303
<RUBYLIBDIR>/benchmark.rb                                      487  String                              gsub!                             0    202
<PWD>/crawler.rb                                               181  String                              run_parallel_strategy             0    202
<PWD>/crawler.rb                                               144  String                              run                               0    202
<PWD>/crawler.rb                                               143  String                              run                               0    202
<RUBYLIBDIR>/benchmark.rb                                      487  String                              format                            0    202
<RUBYLIBDIR>/benchmark.rb                                      487  String                              %                                 0    202
<RUBYLIBDIR>/benchmark.rb                                      487  MatchData                           gsub!                           240    202
<PWD>/crawler.rb                                               141  String                              run                               0    202
<RUBYLIBDIR>/benchmark.rb                                      488  String                              gsub!                             0    202
<RUBYLIBDIR>/benchmark.rb                                      488  String                              format                            0    202
<RUBYLIBDIR>/benchmark.rb                                      488  String                              %                                 0    202
<RUBYLIBDIR>/benchmark.rb                                      492  String                              format                            0    202
<PWD>/crawler.rb                                               155  String                              run                               0    202
<RUBYLIBDIR>/benchmark.rb                                      491  String                              gsub!                             0    202
<RUBYLIBDIR>/benchmark.rb                                      491  String                              format                            0    202
<RUBYLIBDIR>/benchmark.rb                                      491  String                              %                                 0    202
<RUBYLIBDIR>/benchmark.rb                                      491  MatchData                           gsub!                           240    202
<RUBYLIBDIR>/benchmark.rb                                      492  String                              %                                 0    202
<RUBYLIBDIR>/benchmark.rb                                      492  String                              gsub!                             0    202
runner.rb                                                       30  String                              to_s                              0    202
<RUBYLIBDIR>/benchmark.rb                                      492  String                              gsub!                           129    102
<RUBYLIBDIR>/benchmark.rb                                      491  String                              gsub!                           129    102
<RUBYLIBDIR>/benchmark.rb                                      488  String                              gsub!                           129    102
<RUBYLIBDIR>/benchmark.rb                                      500  Array                               to_s                              0    101
<PWD>/crawler.rb                                               146  String                              write                           129    101
runner.rb                                                       25  Range                               run_in_batches                    0    101
<RUBYLIBDIR>/benchmark.rb                                      281  Benchmark::Tms                      new                              56    101
<RUBYLIBDIR>/benchmark.rb                                      492  MatchData                           gsub!                           240    101
<PWD>/crawler.rb                                               141  String                              basename                          0    101
<PWD>/crawler.rb                                               141  Array                               run                               0    101
runner.rb                                                       23  String                              run_in_batches                    0    101
<PWD>/crawler.rb                                               155  String                              basename                          0    101
<PWD>/crawler.rb                                               155  Array                               run                               0    101
<RUBYLIBDIR>/benchmark.rb                                      488  MatchData                           gsub!                           240    101
runner.rb                                                       25  Array                               []                                0    101
<PWD>/crawler.rb                                               143  String                              basename                          0    101
<PWD>/crawler.rb                                               143  Array                               run                              32    101
<RUBYLIBDIR>/benchmark.rb                                      485  String                              dup                               0    101
<PWD>/crawler.rb                                               144  String                              basename                          0    101
<PWD>/crawler.rb                                               144  Array                               run                               0    101
runner.rb                                                       30  String                              run_in_batches                    0    101
runner.rb                                                       30  String                              write                            99    101
<RUBYLIBDIR>/benchmark.rb                                      277  String                              measure                           0    101
<RUBYLIBDIR>/benchmark.rb                                      280  Process::Tms                        times                            32    101
<RUBYLIBDIR>/benchmark.rb                                      280  Time                                now                              88    101
<RUBYLIBDIR>/benchmark.rb                                      278  Process::Tms                        times                            32    101
<GEM:typhoeus-0.6.6>/lib/typhoeus/hydra/runnable.rb             17  Array                               pop                               0    101
<PWD>/crawler.rb                                               181  Array                               run_parallel_strategy             0    101
<PWD>/crawler.rb                                               181  String                              basename                          0    101
<RUBYLIBDIR>/benchmark.rb                                      487  String                              gsub!                            29    101
<RUBYLIBDIR>/benchmark.rb                                      278  Time                                now                              88    101
<PWD>/crawler.rb                                               147  String                              run                               0    101
<GEM:typhoeus-0.6.6>/lib/typhoeus/hydra/runnable.rb             17  Array                               map                             160    100
runner.rb                                                       23  String                              write                            99    100
<GEM:ethon-0.6.1>/lib/ethon/curls/options.rb                    79  FFI::Function                       easy_setopt_callback              0     40
<GEM:ethon-0.6.1>/lib/ethon/easy/operations.rb                  13  FFI::AutoPointer                    new                             192     20
<GEM:ethon-0.6.1>/lib/ethon/easy/callbacks.rb                   37  Proc                                proc                            264     20
<GEM:ethon-0.6.1>/lib/ethon/easy/operations.rb                  13  FFI::Pointer                        easy_init                         0     20
<GEM:ethon-0.6.1>/lib/ethon/easy/operations.rb                  13  Method                              method                           48     20
<GEM:ethon-0.6.1>/lib/ethon/easy/callbacks.rb                   37  RubyVM::Env                         proc                             88     20
<GEM:ethon-0.6.1>/lib/ethon/easy/callbacks.rb                   50  RubyVM::Env                         proc                             88     20
<GEM:ethon-0.6.1>/lib/ethon/curls/options.rb                    79  FFI::Function                       easy_setopt_debug_callback        0     20
<GEM:ethon-0.6.1>/lib/ethon/easy.rb                            216  Hash                                initialize                        0     20
<PWD>/helpers/reader.rb                                         21  String                              strip                            80     20
<GEM:ethon-0.6.1>/lib/ethon/easy/callbacks.rb                   64  RubyVM::Env                         proc                             88     20
<GEM:ethon-0.6.1>/lib/ethon/easy/callbacks.rb                   64  Proc                                proc                            264     20
<GEM:ethon-0.6.1>/lib/ethon/easy/callbacks.rb                   50  Proc                                proc                            264     20
<GEM:typhoeus-0.6.6>/lib/typhoeus/pool.rb                       32  Ethon::Easy                         new                             112     19
<PWD>/crawler.rb                                                21  String                              initialize                        0      2
<PWD>/helpers/reader.rb                                         13  String                              open                              0      2
<GEM:ethon-0.6.1>/lib/ethon/multi/operations.rb                 16  Method                              method                           48      1
<GEM:ethon-0.6.1>/lib/ethon/multi/operations.rb                 16  FFI::AutoPointer                    new                             192      1
<GEM:ethon-0.6.1>/lib/ethon/multi/operations.rb                 16  FFI::Pointer                        multi_init                        0      1
<GEM:ethon-0.6.1>/lib/ethon/multi/stack.rb                      14  Array                               easy_handles                    128      1
<RUBYLIBDIR>/logger.rb                                         545  Logger::LogDevice::LogDeviceMutex   new                               0      1
<RUBYLIBDIR>/logger.rb                                         545  Array                               new                               0      1
<RUBYLIBDIR>/monitor.rb                                        241  Mutex                               new                             120      1
<GEM:ethon-0.6.1>/lib/ethon/curl.rb                             62  String                              init                              0      1
<GEM:ethon-0.6.1>/lib/ethon/multi/operations.rb                 26  FFI::MemoryPointer                  new                               0      1
<GEM:ethon-0.6.1>/lib/ethon/multi/operations.rb                 27  Ethon::Curl::Timeval                new                               0      1
<GEM:ethon-0.6.1>/lib/ethon/multi/operations.rb                 27  Array                               initialize                        0      1
<GEM:ethon-0.6.1>/lib/ethon/multi/operations.rb                 27  FFI::MemoryPointer                  initialize                        0      1
<GEM:ethon-0.6.1>/lib/ethon/multi/operations.rb                 28  Ethon::Curl::FDSet                  new                               0      1
<GEM:ethon-0.6.1>/lib/ethon/multi/operations.rb                 28  Array                               initialize                        0      1
<GEM:ethon-0.6.1>/lib/ethon/multi/operations.rb                 28  FFI::MemoryPointer                  initialize                        0      1
<GEM:ethon-0.6.1>/lib/ethon/multi/operations.rb                 29  Ethon::Curl::FDSet                  new                               0      1
<GEM:ethon-0.6.1>/lib/ethon/multi/operations.rb                 29  Array                               initialize                        0      1
<GEM:ethon-0.6.1>/lib/ethon/multi/operations.rb                 29  FFI::MemoryPointer                  initialize                        0      1
<GEM:ethon-0.6.1>/lib/ethon/multi/operations.rb                 30  Ethon::Curl::FDSet                  new                               0      1
<GEM:ethon-0.6.1>/lib/ethon/multi/operations.rb                 30  Array                               initialize                        0      1
<GEM:ethon-0.6.1>/lib/ethon/multi/operations.rb                 30  FFI::MemoryPointer                  initialize                        0      1
<GEM:ethon-0.6.1>/lib/ethon/multi/operations.rb                 31  FFI::MemoryPointer                  new                               0      1
<PWD>/crawler.rb                                                28  Hash                                initialize                        0      1
<RUBYLIBDIR>/logger.rb                                         318  Logger::LogDevice                   new                              40      1
<PWD>/helpers/reader.rb                                         13  String                              basename                          0      1
<PWD>/helpers/reader.rb                                         13  Array                               open                             32      1
<PWD>/helpers/reader.rb                                         14  File                                open                           8408      1
<PWD>/helpers/reader.rb                                         14  String                              initialize                        0      1
<PWD>/helpers/reader.rb                                         19  Array                               readlines                    302672      1
<PWD>/overrides/typhoeus.rb                                      7  Array                               processing_requests           89672      1
<GEM:ethon-0.6.1>/lib/ethon/curls/infos.rb                     149  FFI::MemoryPointer                  new                               0      1
<GEM:ethon-0.6.1>/lib/ethon/curls/infos.rb                     169  FFI::MemoryPointer                  new                               0      1
<GEM:ethon-0.6.1>/lib/ethon/curls/infos.rb                     159  FFI::MemoryPointer                  new                               0      1
<RUBYLIBDIR>/logger.rb                                         318  Hash                                initialize                      192      1
<RUBYLIBDIR>/logger.rb                                         314  Logger::Formatter                   new                               0      1
<GEM:ethon-0.6.1>/lib/ethon/loggable.rb                         42  Logger                              new                              40      1
<GEM:typhoeus-0.6.6>/lib/typhoeus/hydra.rb                      92  Ethon::Multi                        new                              80      1
<GEM:typhoeus-0.6.6>/lib/typhoeus/hydra.rb                      92  Hash                                reject                            0      1
<GEM:typhoeus-0.6.6>/lib/typhoeus.rb                            98  Array                               before                            0      1
<GEM:typhoeus-0.6.6>/lib/typhoeus/expectation.rb                61  Array                               all                               0      1
<GEM:typhoeus-0.6.6>/lib/typhoeus/hydra/memoizable.rb           21  Hash                                memory                            0      1
<PWD>/crawler.rb                                                23  Typhoeus::Hydra                     new                              56      1
<GEM:typhoeus-0.6.6>/lib/typhoeus/pool.rb                       55  Array                               easies                          264      1
<GEM:typhoeus-0.6.6>/lib/typhoeus/pool.rb                       32  Ethon::Easy                         new                             136      1
<PWD>/crawler.rb                                                23  Hash                                core#hash_from_ary              192      1
<PWD>/helpers/writer.rb                                          9  DebugHelper                         new                               0      1
<GEM:ethon-0.6.1>/lib/ethon/curls/options.rb                    79  Thread                              easy_setopt_callback        1049768      1
<GEM:ethon-0.6.1>/lib/ethon/curls/options.rb                    79  Hash                                easy_setopt_callback              0      1
<PWD>/crawler.rb                                                21  Writer                              new                               0      1
<PWD>/crawler.rb                                                21  Hash                                initialize                      192      1
<PWD>/helpers/reader.rb                                          9  DebugHelper                         new                               0      1
<PWD>/helpers/reader.rb                                          8  String                              initialize                        0      1
<PWD>/crawler.rb                                                17  Reader                              new                              40      1
<PWD>/crawler.rb                                                17  Hash                                initialize                      192      1
<PWD>/crawler.rb                                                17  String                              initialize                        0      1
<PWD>/crawler.rb                                                15  DebugHelper                         new                               0      1
<PWD>/crawler.rb                                                 9  Hash                                initialize                      192      1
<PWD>/crawler.rb                                                12  Hash                                initialize                      192      1
<PWD>/crawler.rb                                                12  String                              initialize                        0      1
<RUBYLIBDIR>/benchmark.rb                                      490  String                              gsub!                           129      1
<RUBYLIBDIR>/benchmark.rb                                      489  String                              gsub!                           129      1
<PWD>/crawler.rb                                                11  Hash                                initialize                      192      1
<PWD>/crawler.rb                                                11  String                              initialize                        0      1
<PWD>/crawler.rb                                                 9  String                              initialize                        0      1
runner.rb                                                        8  YelpSync                            new                              56      1
runner.rb                                                        8  Hash                                initialize                      192      1
runner.rb                                                       43  Runner                              new                              40      1
runner.rb                                                       43  Hash                                                                192      1
runner.rb                                                       43  String                                                                0      1
<PWD>/helpers/reader.rb                                         20  Array                               map                               0      1
<GEM:typhoeus-0.6.6>/lib/typhoeus/hydra/queueable.rb            17  Array                               queued_requests                   0      1
<RUBYLIBDIR>/benchmark.rb                                      487  String                              gsub!                           129      1
<RUBYLIBDIR>/benchmark.rb                                      486  String                              gsub!                           129      1
runner.rb                                                       23  String                              write                            49      1
runner.rb                                                       13  Array                               []                                0      1
<PWD>/crawler.rb                                               146  Hash                                puts                            192      1
<GEM:typhoeus-0.6.6>/lib/typhoeus/hydra/runnable.rb             17  Array                               map                               0      1