                      sourcefile                        sourceline                class                 count
------------------------------------------------------  ----------  ----------------------------------  -----
<PWD>/helpers/reader.rb                                         21  String                              32960
<GEM:ffi-1.9.3>/lib/ffi/pointer.rb                              54  String                                120
<GEM:ethon-0.6.1>/lib/ethon/easy/callbacks.rb                   25  String                                 80
<GEM:ethon-0.6.1>/lib/ethon/easy/callbacks.rb                   26  String                                 80
<GEM:ethon-0.6.1>/lib/ethon/easy/callbacks.rb                   27  Ethon::Easy::DebugInfo                 80
<GEM:ethon-0.6.1>/lib/ethon/easy/debug_info.rb                  22  Array                                  80
<GEM:typhoeus-0.6.6>/lib/typhoeus/request/callbacks.rb          41  Array                                  61
<GEM:typhoeus-0.6.6>/lib/typhoeus/request/callbacks.rb          73  Array                                  61
<GEM:typhoeus-0.6.6>/lib/typhoeus/request.rb                   113  Hash                                   60
<PWD>/crawler.rb                                                46  Hash                                   60
<PWD>/crawler.rb                                                45  Typhoeus::Request                      60
<PWD>/crawler.rb                                                47  Hash                                   60
<PWD>/crawler.rb                                                77  Proc                                   60
<GEM:typhoeus-0.6.6>/lib/typhoeus/easy_factory.rb               89  Typhoeus::Response                     60
<GEM:typhoeus-0.6.6>/lib/typhoeus/request.rb                   191  Hash                                   60
<GEM:ethon-0.6.1>/lib/ethon/easy/mirror.rb                      17  Hash                                   60
<PWD>/crawler.rb                                                77  RubyVM::Env                            60
<GEM:ethon-0.6.1>/lib/ethon/curls/options.rb                    79  FFI::Function                          60
<GEM:ffi-1.9.3>/lib/ffi/autopointer.rb                          83  FFI::AutoPointer::CallableReleaser     42
<GEM:ffi-1.9.3>/lib/ffi/autopointer.rb                          90  Array                                  42
<GEM:ethon-0.6.1>/lib/ethon/easy/header.rb                      31  Method                                 21
<GEM:ethon-0.6.1>/lib/ethon/easy/header.rb                      27  FFI::Pointer                           21
<GEM:ethon-0.6.1>/lib/ethon/easy/callbacks.rb                   64  Proc                                   20
<GEM:ethon-0.6.1>/lib/ethon/easy/callbacks.rb                   64  RubyVM::Env                            20
<GEM:ethon-0.6.1>/lib/ethon/easy/header.rb                      31  FFI::AutoPointer                       20
<GEM:ethon-0.6.1>/lib/ethon/easy/callbacks.rb                   37  RubyVM::Env                            20
<GEM:typhoeus-0.6.6>/lib/typhoeus/pool.rb                       32  Ethon::Easy                            20
<GEM:ethon-0.6.1>/lib/ethon/easy/callbacks.rb                   37  Proc                                   20
<GEM:ethon-0.6.1>/lib/ethon/easy/callbacks.rb                   50  RubyVM::Env                            20
<GEM:ethon-0.6.1>/lib/ethon/easy/operations.rb                  13  FFI::AutoPointer                       20
<GEM:ethon-0.6.1>/lib/ethon/easy/operations.rb                  13  Method                                 20
<GEM:ethon-0.6.1>/lib/ethon/easy/operations.rb                  13  FFI::Pointer                           20
<GEM:ethon-0.6.1>/lib/ethon/easy/callbacks.rb                   50  Proc                                   20
runner.rb                                                       34  String                                  4
<PWD>/crawler.rb                                               156  String                                  3
<PWD>/crawler.rb                                                21  String                                  2
<GEM:ethon-0.6.1>/lib/ethon/multi/operations.rb                 16  Method                                  1
<PWD>/crawler.rb                                                15  DebugHelper                             1
<PWD>/crawler.rb                                                 9  Hash                                    1
<PWD>/crawler.rb                                                12  Hash                                    1
<PWD>/crawler.rb                                                12  String                                  1
<PWD>/crawler.rb                                                11  Hash                                    1
<PWD>/crawler.rb                                                11  String                                  1
<PWD>/crawler.rb                                                 9  String                                  1
runner.rb                                                        8  YelpSync                                1
runner.rb                                                       47  Runner                                  1
<PWD>/crawler.rb                                                17  Reader                                  1
<PWD>/helpers/reader.rb                                          8  String                                  1
<PWD>/helpers/reader.rb                                          9  DebugHelper                             1
<PWD>/crawler.rb                                                21  Writer                                  1
<PWD>/helpers/writer.rb                                          9  DebugHelper                             1
<PWD>/crawler.rb                                                24  Hash                                    1
<PWD>/crawler.rb                                                24  Typhoeus::Hydra                         1
<GEM:typhoeus-0.6.6>/lib/typhoeus/hydra.rb                      92  Ethon::Multi                            1
<GEM:ethon-0.6.1>/lib/ethon/loggable.rb                         42  Logger                                  1
<RUBYLIBDIR>/logger.rb                                         314  Logger::Formatter                       1
<RUBYLIBDIR>/logger.rb                                         318  Logger::LogDevice                       1
<RUBYLIBDIR>/logger.rb                                         545  Logger::LogDevice::LogDeviceMutex       1
<RUBYLIBDIR>/monitor.rb                                        241  Mutex                                   1
<PWD>/crawler.rb                                               156  Array                                   1
<GEM:ethon-0.6.1>/lib/ethon/multi/operations.rb                 26  FFI::MemoryPointer                      1
<GEM:ethon-0.6.1>/lib/ethon/multi/operations.rb                 27  Ethon::Curl::Timeval                    1
<PWD>/helpers/reader.rb                                         20  Array                                   1
<GEM:typhoeus-0.6.6>/lib/typhoeus/hydra/queueable.rb            17  Array                                   1
<GEM:ethon-0.6.1>/lib/ethon/multi/operations.rb                 27  FFI::MemoryPointer                      1
<GEM:ethon-0.6.1>/lib/ethon/multi/operations.rb                 16  FFI::AutoPointer                        1
<PWD>/crawler.rb                                                17  String                                  1
<GEM:ethon-0.6.1>/lib/ethon/multi/operations.rb                 16  FFI::Pointer                            1
<GEM:ethon-0.6.1>/lib/ethon/multi/stack.rb                      14  Array                                   1
<GEM:ethon-0.6.1>/lib/ethon/multi/operations.rb                 28  Ethon::Curl::FDSet                      1
<GEM:ethon-0.6.1>/lib/ethon/multi/operations.rb                 28  FFI::MemoryPointer                      1
<GEM:ethon-0.6.1>/lib/ethon/multi/operations.rb                 29  Ethon::Curl::FDSet                      1
<GEM:ethon-0.6.1>/lib/ethon/multi/operations.rb                 29  FFI::MemoryPointer                      1
<GEM:ethon-0.6.1>/lib/ethon/multi/operations.rb                 30  Ethon::Curl::FDSet                      1
<GEM:ethon-0.6.1>/lib/ethon/curls/options.rb                    79  Hash                                    1
<GEM:ethon-0.6.1>/lib/ethon/curls/options.rb                    79  Thread                                  1
<GEM:ethon-0.6.1>/lib/ethon/multi/operations.rb                 30  FFI::MemoryPointer                      1
<GEM:ethon-0.6.1>/lib/ethon/multi/operations.rb                 31  FFI::MemoryPointer                      1
<PWD>/crawler.rb                                                29  Hash                                    1
<PWD>/helpers/reader.rb                                         14  File                                    1
<PWD>/helpers/reader.rb                                         14  String                                  1
<GEM:typhoeus-0.6.6>/lib/typhoeus/pool.rb                       55  Array                                   1
<GEM:typhoeus-0.6.6>/lib/typhoeus/expectation.rb                61  Array                                   1
<GEM:typhoeus-0.6.6>/lib/typhoeus.rb                            98  Array                                   1
<GEM:ethon-0.6.1>/lib/ethon/curls/infos.rb                     149  FFI::MemoryPointer                      1
<GEM:ethon-0.6.1>/lib/ethon/curls/infos.rb                     169  FFI::MemoryPointer                      1
<GEM:ethon-0.6.1>/lib/ethon/curls/infos.rb                     159  FFI::MemoryPointer                      1
<PWD>/crawler.rb                                               147  Hash                                    1
<GEM:typhoeus-0.6.6>/lib/typhoeus/hydra/memoizable.rb           21  Hash                                    1